#
# A fatal error has been detected by the Java Runtime Environment:
#
#  SIGSEGV (0xb) at pc=0x0000000109e232b0, pid=1981, tid=16387
#
# JRE version: Java(TM) SE Runtime Environment (8.0_25-b17) (build 1.8.0_25-b17)
# Java VM: Java HotSpot(TM) 64-Bit Server VM (25.25-b02 mixed mode bsd-amd64 compressed oops)
# Problematic frame:
# V  [libjvm.dylib+0x4232b0]  Method::checked_resolve_jmethod_id(_jmethodID*)+0xe
#
# Failed to write core dump. Core dumps have been disabled. To enable core dumping, try "ulimit -c unlimited" before starting Java again
#
# If you would like to submit a bug report, please visit:
#   http://bugreport.sun.com/bugreport/crash.jsp
#

---------------  T H R E A D  ---------------

Current thread (0x00007fcc03035800):  JavaThread "JDWP Transport Listener: dt_socket" daemon [_thread_in_vm, id=16387, stack(0x000000011fdff000,0x000000011feff000)]

siginfo: si_signo: 11 (SIGSEGV), si_code: 0 (unknown), si_addr: 0x0000000000000000

Registers:
RAX=0x0000000000000001, RBX=0x000000011fefea8b, RCX=0x000000010a1d6c80, RDX=0x000000011fefea8b
RSP=0x000000011fefe9d0, RBP=0x000000011fefe9e0, RSI=0x00007fcc03035800, RDI=0xe00007fcc0243c24
R8 =0x0000000000000000, R9 =0x00007fcc02400000, R10=0x0000000000000010, R11=0x00007fcc02400000
R12=0x00007fcc03035800, R13=0xe00007fcc0243c24, R14=0xe00007fcc0243c24, R15=0x00007fcc02501a20
RIP=0x0000000109e232b0, EFLAGS=0x0000000000010286, ERR=0x0000000000000000
  TRAPNO=0x000000000000000d

Top of Stack: (sp=0x000000011fefe9d0)
0x000000011fefe9d0:   000000011fefea8b 000000011fefea8b
0x000000011fefe9e0:   000000011fefea40 0000000109d3526e
0x000000011fefe9f0:   00007fcc03035800 0000000000000000
0x000000011fefea00:   0000000000000000 0000000000000000
0x000000011fefea10:   00007fcc03035800 00007fcc03035800
0x000000011fefea20:   000000011fefea8b 000000011fefea90
0x000000011fefea30:   e00007fcc0243c24 0000000000000004
0x000000011fefea40:   000000011fefea60 000000010a9707dc
0x000000011fefea50:   0000000000000001 000000011fefeb08
0x000000011fefea60:   000000011fefead0 000000010a955263
0x000000011fefea70:   000000011fefeaa0 00007fcc0243bb80
0x000000011fefea80:   0000000500000032 0000000800efeb08
0x000000011fefea90:   0000000000000000 0000000000000000
0x000000011fefeaa0:   0000000000000000 000000011fefec90
0x000000011fefeab0:   000000010a977eca 00007fcc0272cf60
0x000000011fefeac0:   000000011fefeb08 000000010a983588
0x000000011fefead0:   000000011fefeae0 000000010a95535c
0x000000011fefeae0:   000000011fefed00 000000010a95e8f6
0x000000011fefeaf0:   000006f800000013 00000000000f0200
0x000000011fefeb00:   00007fcc0272c570 000000011fefec23
0x000000011fefeb10:   00007fcc00000061 000000011fefeb20
0x000000011fefeb20:   00007fcc000000cb 000000011fefeb58
0x000000011fefeb30:   0000000000000000 0000000000000000
0x000000011fefeb40:   000006f8000000d6 0000000000000080
0x000000011fefeb50:   000000011fefeb58 cc7f000005000000
0x000000011fefeb60:   09000000d8f74302 6564616552746567
0x000000011fefeb70:   6a4c281500000072 676e616c2f617661
0x000000011fefeb80:   3b676e697274532f 0000000000005629
0x000000011fefeb90:   4302cc7f00000a00 616d04000000d0f7
0x000000011fefeba0:   5b28160000006e69 616c2f6176616a4c
0x000000011fefebb0:   6e697274532f676e 0000000056293b67
0x000000011fefebc0:   cc7f000009000000 0e000000e8f74302 

Instructions: (pc=0x0000000109e232b0)
0x0000000109e23290:   40 48 48 85 c0 75 e0 30 c0 0f b6 c0 5d c3 31 c0
0x0000000109e232a0:   5d c3 55 48 89 e5 53 48 83 ec 08 48 85 ff 74 24
0x0000000109e232b0:   48 8b 1f 48 85 db 74 1c 48 83 fb 37 74 16 48 8b
0x0000000109e232c0:   03 48 89 df ff 50 10 84 c0 b8 00 00 00 00 48 0f 

Register to memory mapping:

RAX=0x0000000000000001 is an unknown value
RBX=0x000000011fefea8b is pointing into the stack for thread: 0x00007fcc03035800
RCX=0x000000010a1d6c80: UseMembar+0 in /Library/Java/JavaVirtualMachines/jdk1.8.0_25.jdk/Contents/Home/jre/lib/server/libjvm.dylib at 0x0000000109a00000
RDX=0x000000011fefea8b is pointing into the stack for thread: 0x00007fcc03035800
RSP=0x000000011fefe9d0 is pointing into the stack for thread: 0x00007fcc03035800
RBP=0x000000011fefe9e0 is pointing into the stack for thread: 0x00007fcc03035800
RSI=0x00007fcc03035800 is a thread
RDI=0xe00007fcc0243c24 is an unknown value
R8 =0x0000000000000000 is an unknown value
R9 =0x00007fcc02400000 is an unknown value
R10=0x0000000000000010 is an unknown value
R11=0x00007fcc02400000 is an unknown value
R12=0x00007fcc03035800 is a thread
R13=0xe00007fcc0243c24 is an unknown value
R14=0xe00007fcc0243c24 is an unknown value
R15=0x00007fcc02501a20 is an unknown value


Stack: [0x000000011fdff000,0x000000011feff000],  sp=0x000000011fefe9d0,  free space=1022k
Native frames: (J=compiled Java code, j=interpreted, Vv=VM code, C=native code)
V  [libjvm.dylib+0x4232b0]  Method::checked_resolve_jmethod_id(_jmethodID*)+0xe
V  [libjvm.dylib+0x33526e]  jvmti_IsMethodSynthetic+0xb2
C  [libjdwp.dylib+0x207dc]  isMethodSynthetic+0x63
C  [libjdwp.dylib+0x5263]  methods1+0x10b
C  [libjdwp.dylib+0x535c]  methodsWithGeneric+0xe
C  [libjdwp.dylib+0xe8f6]  debugLoop_run+0x1ce
C  [libjdwp.dylib+0x1f716]  attachThread+0x4d
V  [libjvm.dylib+0x3762ce]  JvmtiAgentThread::call_start_function()+0x38
V  [libjvm.dylib+0x535ed9]  JavaThread::thread_main_inner()+0x9b
V  [libjvm.dylib+0x53761c]  JavaThread::run()+0x1c2
V  [libjvm.dylib+0x45d87e]  java_start(Thread*)+0xf6
C  [libsystem_pthread.dylib+0x3268]  _pthread_body+0x83
C  [libsystem_pthread.dylib+0x31e5]  _pthread_body+0x0
C  [libsystem_pthread.dylib+0x141d]  thread_start+0xd
C  0x0000000000000000


---------------  P R O C E S S  ---------------

Java Threads: ( => current thread )
  0x00007fcc0400c000 JavaThread "Service Thread" daemon [_thread_blocked, id=19459, stack(0x0000000120411000,0x0000000120511000)]
  0x00007fcc02819800 JavaThread "C1 CompilerThread2" daemon [_thread_blocked, id=18947, stack(0x000000012030e000,0x000000012040e000)]
  0x00007fcc03826800 JavaThread "C2 CompilerThread1" daemon [_thread_blocked, id=18435, stack(0x000000012020b000,0x000000012030b000)]
  0x00007fcc03824800 JavaThread "C2 CompilerThread0" daemon [_thread_blocked, id=17923, stack(0x0000000120108000,0x0000000120208000)]
  0x00007fcc03824000 JavaThread "JDWP Command Reader" daemon [_thread_in_native, id=17411, stack(0x0000000120005000,0x0000000120105000)]
  0x00007fcc03807000 JavaThread "JDWP Event Helper Thread" daemon [_thread_blocked, id=16899, stack(0x000000011ff02000,0x0000000120002000)]
=>0x00007fcc03035800 JavaThread "JDWP Transport Listener: dt_socket" daemon [_thread_in_vm, id=16387, stack(0x000000011fdff000,0x000000011feff000)]
  0x00007fcc03006800 JavaThread "Signal Dispatcher" daemon [_thread_blocked, id=15899, stack(0x000000011fcf5000,0x000000011fdf5000)]
  0x00007fcc04032800 JavaThread "Finalizer" daemon [_thread_blocked, id=11523, stack(0x000000011e3ad000,0x000000011e4ad000)]
  0x00007fcc0402c000 JavaThread "Reference Handler" daemon [_thread_blocked, id=11011, stack(0x000000011e2aa000,0x000000011e3aa000)]
  0x00007fcc0280c000 JavaThread "main" [_thread_blocked, id=4867, stack(0x00000001090de000,0x00000001091de000)]

Other Threads:
  0x00007fcc04029800 VMThread [stack: 0x000000011e1a7000,0x000000011e2a7000] [id=10499]
  0x00007fcc03805800 WatcherThread [stack: 0x0000000120514000,0x0000000120614000] [id=19971]

VM state:not at safepoint (normal execution)

VM Mutex/Monitor currently owned by a thread: None

Heap:
 PSYoungGen      total 18944K, used 2310K [0x00000007aab00000, 0x00000007ac000000, 0x00000007c0000000)
  eden space 16384K, 14% used [0x00000007aab00000,0x00000007aad419b0,0x00000007abb00000)
  from space 2560K, 0% used [0x00000007abd80000,0x00000007abd80000,0x00000007ac000000)
  to   space 2560K, 0% used [0x00000007abb00000,0x00000007abb00000,0x00000007abd80000)
 ParOldGen       total 44032K, used 0K [0x0000000780000000, 0x0000000782b00000, 0x00000007aab00000)
  object space 44032K, 0% used [0x0000000780000000,0x0000000780000000,0x0000000782b00000)
 Metaspace       used 2815K, capacity 4490K, committed 4864K, reserved 1056768K
  class space    used 301K, capacity 386K, committed 512K, reserved 1048576K

Card table byte_map: [0x0000000119d64000,0x0000000119f65000] byte_map_base: 0x0000000116164000

Marking Bits: (ParMarkBitMap*) 0x000000010a29d390
 Begin Bits: [0x000000011a4c7000, 0x000000011b4c7000)
 End Bits:   [0x000000011b4c7000, 0x000000011c4c7000)

Polling page: 0x00000001091ee000

CodeCache: size=245760Kb used=1212Kb max_used=1212Kb free=244547Kb
 bounds [0x000000010a9a4000, 0x000000010ac14000, 0x00000001199a4000]
 total_blobs=310 nmethods=84 adapters=149
 compilation: enabled

Compilation events (10 events):
Event: 0.257 Thread 0x00007fcc02819800   80       3       java.lang.StringBuilder::toString (17 bytes)
Event: 0.257 Thread 0x00007fcc02819800 nmethod 80 0x000000010aad2350 code [0x000000010aad24c0, 0x000000010aad26c8]
Event: 0.261 Thread 0x00007fcc02819800   81       3       java.lang.String::lastIndexOf (13 bytes)
Event: 0.261 Thread 0x00007fcc02819800 nmethod 81 0x000000010aad2790 code [0x000000010aad2900, 0x000000010aad2b28]
Event: 0.261 Thread 0x00007fcc02819800   82       3       java.lang.String::startsWith (7 bytes)
Event: 0.262 Thread 0x00007fcc02819800 nmethod 82 0x000000010aad2bd0 code [0x000000010aad2d40, 0x000000010aad2f68]
Event: 0.262 Thread 0x00007fcc02819800   83       1       java.util.ArrayList::size (5 bytes)
Event: 0.262 Thread 0x00007fcc02819800 nmethod 83 0x000000010aad3010 code [0x000000010aad3160, 0x000000010aad3270]
Event: 0.262 Thread 0x00007fcc02819800   84       3       java.lang.StringBuilder::<init> (7 bytes)
Event: 0.262 Thread 0x00007fcc02819800 nmethod 84 0x000000010aad32d0 code [0x000000010aad3440, 0x000000010aad36f0]

GC Heap History (0 events):
No events

Deoptimization events (0 events):
No events

Internal exceptions (10 events):
Event: 0.227 Thread 0x00007fcc0280c000 Exception <a 'java/security/PrivilegedActionException'> (0x00000007aacdd130) thrown at [/HUDSON3/workspace/8-2-build-macosx-x86_64/jdk8u25/1514/hotspot/src/share/vm/prims/jvm.cpp, line 1312]
Event: 0.227 Thread 0x00007fcc0280c000 Exception <a 'java/security/PrivilegedActionException'> (0x00000007aacdd2e8) thrown at [/HUDSON3/workspace/8-2-build-macosx-x86_64/jdk8u25/1514/hotspot/src/share/vm/prims/jvm.cpp, line 1312]
Event: 0.228 Thread 0x00007fcc0280c000 Exception <a 'java/util/zip/ZipException'> (0x00000007aacde010) thrown at [/HUDSON3/workspace/8-2-build-macosx-x86_64/jdk8u25/1514/hotspot/src/share/vm/prims/jni.cpp, line 716]
Event: 0.228 Thread 0x00007fcc0280c000 Exception <a 'java/security/PrivilegedActionException'> (0x00000007aacde1c0) thrown at [/HUDSON3/workspace/8-2-build-macosx-x86_64/jdk8u25/1514/hotspot/src/share/vm/prims/jvm.cpp, line 1312]
Event: 0.228 Thread 0x00007fcc0280c000 Exception <a 'java/security/PrivilegedActionException'> (0x00000007aacde378) thrown at [/HUDSON3/workspace/8-2-build-macosx-x86_64/jdk8u25/1514/hotspot/src/share/vm/prims/jvm.cpp, line 1312]
Event: 0.232 Thread 0x00007fcc0280c000 Exception <a 'java/util/zip/ZipException'> (0x00000007aacf0cc8) thrown at [/HUDSON3/workspace/8-2-build-macosx-x86_64/jdk8u25/1514/hotspot/src/share/vm/prims/jni.cpp, line 716]
Event: 0.232 Thread 0x00007fcc0280c000 Exception <a 'java/security/PrivilegedActionException'> (0x00000007aacf0e78) thrown at [/HUDSON3/workspace/8-2-build-macosx-x86_64/jdk8u25/1514/hotspot/src/share/vm/prims/jvm.cpp, line 1312]
Event: 0.232 Thread 0x00007fcc0280c000 Exception <a 'java/security/PrivilegedActionException'> (0x00000007aacf1030) thrown at [/HUDSON3/workspace/8-2-build-macosx-x86_64/jdk8u25/1514/hotspot/src/share/vm/prims/jvm.cpp, line 1312]
Event: 0.232 Thread 0x00007fcc0280c000 Exception <a 'java/security/PrivilegedActionException'> (0x00000007aacf13a0) thrown at [/HUDSON3/workspace/8-2-build-macosx-x86_64/jdk8u25/1514/hotspot/src/share/vm/prims/jvm.cpp, line 1312]
Event: 0.262 Thread 0x00007fcc0280c000 Exception <a 'java/security/PrivilegedActionException'> (0x00000007aad1b650) thrown at [/HUDSON3/workspace/8-2-build-macosx-x86_64/jdk8u25/1514/hotspot/src/share/vm/prims/jvm.cpp, line 1312]

Events (10 events):
Event: 0.263 Executing VM operation: ForceSafepoint
Event: 0.263 Executing VM operation: ForceSafepoint done
Event: 0.827 Executing VM operation: GetOrSetLocal
Event: 0.827 Executing VM operation: GetOrSetLocal done
Event: 4.195 Executing VM operation: EnableBiasedLocking
Event: 4.196 Executing VM operation: EnableBiasedLocking done
Event: 157.823 Executing VM operation: ChangeBreakpoints
Event: 157.823 Executing VM operation: ChangeBreakpoints done
Event: 2035.497 Executing VM operation: RedefineClasses
Event: 2035.501 Executing VM operation: RedefineClasses done


Dynamic libraries:
0x000000000428c000 	/System/Library/Frameworks/Cocoa.framework/Versions/A/Cocoa
0x000000000428c000 	/System/Library/Frameworks/Security.framework/Versions/A/Security
0x000000000428c000 	/System/Library/Frameworks/ApplicationServices.framework/Versions/A/ApplicationServices
0x000000000428c000 	/usr/lib/libz.1.dylib
0x000000000428c000 	/usr/lib/libSystem.B.dylib
0x000000000428c000 	/usr/lib/libobjc.A.dylib
0x000000000428c000 	/System/Library/Frameworks/CoreFoundation.framework/Versions/A/CoreFoundation
0x000000000428c000 	/System/Library/Frameworks/Foundation.framework/Versions/C/Foundation
0x000000000428c000 	/System/Library/Frameworks/AppKit.framework/Versions/C/AppKit
0x000000000428c000 	/System/Library/Frameworks/CoreData.framework/Versions/A/CoreData
0x000000000428c000 	/System/Library/PrivateFrameworks/RemoteViewServices.framework/Versions/A/RemoteViewServices
0x000000000428c000 	/System/Library/PrivateFrameworks/UIFoundation.framework/Versions/A/UIFoundation
0x000000000428c000 	/System/Library/Frameworks/IOSurface.framework/Versions/A/IOSurface
0x000000000428c000 	/System/Library/Frameworks/AudioToolbox.framework/Versions/A/AudioToolbox
0x000000000428c000 	/System/Library/Frameworks/AudioUnit.framework/Versions/A/AudioUnit
0x000000000428c000 	/System/Library/PrivateFrameworks/DataDetectorsCore.framework/Versions/A/DataDetectorsCore
0x000000000428c000 	/System/Library/PrivateFrameworks/DesktopServicesPriv.framework/Versions/A/DesktopServicesPriv
0x000000000428c000 	/System/Library/Frameworks/Carbon.framework/Versions/A/Frameworks/HIToolbox.framework/Versions/A/HIToolbox
0x000000000428c000 	/System/Library/Frameworks/QuartzCore.framework/Versions/A/QuartzCore
0x000000000428c000 	/System/Library/Frameworks/Carbon.framework/Versions/A/Frameworks/SpeechRecognition.framework/Versions/A/SpeechRecognition
0x000000000428c000 	/usr/lib/libauto.dylib
0x000000000428c000 	/usr/lib/libicucore.A.dylib
0x000000000428c000 	/usr/lib/libxml2.2.dylib
0x000000000428c000 	/System/Library/PrivateFrameworks/CoreUI.framework/Versions/A/CoreUI
0x000000000428c000 	/System/Library/Frameworks/CoreAudio.framework/Versions/A/CoreAudio
0x000000000428c000 	/System/Library/Frameworks/DiskArbitration.framework/Versions/A/DiskArbitration
0x000000000428c000 	/usr/lib/liblangid.dylib
0x000000000428c000 	/System/Library/PrivateFrameworks/MultitouchSupport.framework/Versions/A/MultitouchSupport
0x000000000428c000 	/System/Library/Frameworks/IOKit.framework/Versions/A/IOKit
0x000000000428c000 	/usr/lib/libDiagnosticMessagesClient.dylib
0x000000000428c000 	/System/Library/Frameworks/CoreServices.framework/Versions/A/CoreServices
0x000000000428c000 	/System/Library/PrivateFrameworks/PerformanceAnalysis.framework/Versions/A/PerformanceAnalysis
0x000000000428c000 	/System/Library/PrivateFrameworks/GenerationalStorage.framework/Versions/A/GenerationalStorage
0x000000000428c000 	/System/Library/Frameworks/OpenGL.framework/Versions/A/OpenGL
0x000000000428c000 	/System/Library/PrivateFrameworks/Sharing.framework/Versions/A/Sharing
0x000000000428c000 	/System/Library/Frameworks/CoreGraphics.framework/Versions/A/CoreGraphics
0x000000000428c000 	/System/Library/Frameworks/CoreText.framework/Versions/A/CoreText
0x000000000428c000 	/System/Library/Frameworks/ImageIO.framework/Versions/A/ImageIO
0x000000000428c000 	/usr/lib/libextension.dylib
0x000000000428c000 	/System/Library/PrivateFrameworks/Backup.framework/Versions/A/Backup
0x000000000428c000 	/usr/lib/libarchive.2.dylib
0x000000000428c000 	/System/Library/Frameworks/CFNetwork.framework/Versions/A/CFNetwork
0x000000000428c000 	/System/Library/Frameworks/SystemConfiguration.framework/Versions/A/SystemConfiguration
0x000000000428c000 	/usr/lib/libCRFSuite.dylib
0x000000000428c000 	/usr/lib/libc++.1.dylib
0x000000000428c000 	/usr/lib/libc++abi.dylib
0x000000000428c000 	/usr/lib/system/libcache.dylib
0x000000000428c000 	/usr/lib/system/libcommonCrypto.dylib
0x000000000428c000 	/usr/lib/system/libcompiler_rt.dylib
0x000000000428c000 	/usr/lib/system/libcopyfile.dylib
0x000000000428c000 	/usr/lib/system/libcorecrypto.dylib
0x000000000428c000 	/usr/lib/system/libdispatch.dylib
0x000000000428c000 	/usr/lib/system/libdyld.dylib
0x000000000428c000 	/usr/lib/system/libkeymgr.dylib
0x000000000428c000 	/usr/lib/system/liblaunch.dylib
0x000000000428c000 	/usr/lib/system/libmacho.dylib
0x000000000428c000 	/usr/lib/system/libquarantine.dylib
0x000000000428c000 	/usr/lib/system/libremovefile.dylib
0x000000000428c000 	/usr/lib/system/libsystem_asl.dylib
0x000000000428c000 	/usr/lib/system/libsystem_blocks.dylib
0x000000000428c000 	/usr/lib/system/libsystem_c.dylib
0x000000000428c000 	/usr/lib/system/libsystem_configuration.dylib
0x000000000428c000 	/usr/lib/system/libsystem_coreservices.dylib
0x000000000428c000 	/usr/lib/system/libsystem_coretls.dylib
0x000000000428c000 	/usr/lib/system/libsystem_dnssd.dylib
0x000000000428c000 	/usr/lib/system/libsystem_info.dylib
0x000000000428c000 	/usr/lib/system/libsystem_kernel.dylib
0x000000000428c000 	/usr/lib/system/libsystem_m.dylib
0x000000000428c000 	/usr/lib/system/libsystem_malloc.dylib
0x000000000428c000 	/usr/lib/system/libsystem_network.dylib
0x000000000428c000 	/usr/lib/system/libsystem_networkextension.dylib
0x000000000428c000 	/usr/lib/system/libsystem_notify.dylib
0x000000000428c000 	/usr/lib/system/libsystem_platform.dylib
0x000000000428c000 	/usr/lib/system/libsystem_pthread.dylib
0x000000000428c000 	/usr/lib/system/libsystem_sandbox.dylib
0x000000000428c000 	/usr/lib/system/libsystem_secinit.dylib
0x000000000428c000 	/usr/lib/system/libsystem_stats.dylib
0x000000000428c000 	/usr/lib/system/libsystem_trace.dylib
0x000000000428c000 	/usr/lib/system/libunc.dylib
0x000000000428c000 	/usr/lib/system/libunwind.dylib
0x000000000428c000 	/usr/lib/system/libxpc.dylib
0x000000000428c000 	/usr/lib/libbz2.1.0.dylib
0x000000000428c000 	/usr/lib/liblzma.5.dylib
0x000000000428c000 	/usr/lib/libbsm.0.dylib
0x000000000428c000 	/usr/lib/libsqlite3.dylib
0x000000000428c000 	/usr/lib/system/libkxld.dylib
0x000000000428c000 	/usr/lib/libxar.1.dylib
0x000000000428c000 	/usr/lib/libpam.2.dylib
0x000000000428c000 	/usr/lib/libOpenScriptingUtil.dylib
0x000000000428c000 	/System/Library/Frameworks/CoreServices.framework/Versions/A/Frameworks/FSEvents.framework/Versions/A/FSEvents
0x000000000428c000 	/System/Library/Frameworks/CoreServices.framework/Versions/A/Frameworks/CarbonCore.framework/Versions/A/CarbonCore
0x000000000428c000 	/System/Library/Frameworks/CoreServices.framework/Versions/A/Frameworks/Metadata.framework/Versions/A/Metadata
0x000000000428c000 	/System/Library/Frameworks/CoreServices.framework/Versions/A/Frameworks/OSServices.framework/Versions/A/OSServices
0x000000000428c000 	/System/Library/Frameworks/CoreServices.framework/Versions/A/Frameworks/SearchKit.framework/Versions/A/SearchKit
0x000000000428c000 	/System/Library/Frameworks/CoreServices.framework/Versions/A/Frameworks/AE.framework/Versions/A/AE
0x000000000428c000 	/System/Library/Frameworks/CoreServices.framework/Versions/A/Frameworks/LaunchServices.framework/Versions/A/LaunchServices
0x000000000428c000 	/System/Library/Frameworks/CoreServices.framework/Versions/A/Frameworks/DictionaryServices.framework/Versions/A/DictionaryServices
0x000000000428c000 	/System/Library/Frameworks/NetFS.framework/Versions/A/NetFS
0x000000000428c000 	/System/Library/PrivateFrameworks/NetAuth.framework/Versions/A/NetAuth
0x000000000428c000 	/System/Library/PrivateFrameworks/login.framework/Versions/A/Frameworks/loginsupport.framework/Versions/A/loginsupport
0x000000000428c000 	/System/Library/PrivateFrameworks/TCC.framework/Versions/A/TCC
0x000000000428c000 	/usr/lib/libmecabra.dylib
0x000000000428c000 	/System/Library/Frameworks/ApplicationServices.framework/Versions/A/Frameworks/ATS.framework/Versions/A/ATS
0x000000000428c000 	/System/Library/Frameworks/ApplicationServices.framework/Versions/A/Frameworks/ColorSync.framework/Versions/A/ColorSync
0x000000000428c000 	/System/Library/Frameworks/ApplicationServices.framework/Versions/A/Frameworks/HIServices.framework/Versions/A/HIServices
0x000000000428c000 	/System/Library/Frameworks/ApplicationServices.framework/Versions/A/Frameworks/LangAnalysis.framework/Versions/A/LangAnalysis
0x000000000428c000 	/System/Library/Frameworks/ApplicationServices.framework/Versions/A/Frameworks/PrintCore.framework/Versions/A/PrintCore
0x000000000428c000 	/System/Library/Frameworks/ApplicationServices.framework/Versions/A/Frameworks/QD.framework/Versions/A/QD
0x000000000428c000 	/System/Library/Frameworks/ApplicationServices.framework/Versions/A/Frameworks/SpeechSynthesis.framework/Versions/A/SpeechSynthesis
0x000000000428c000 	/System/Library/Frameworks/Accelerate.framework/Versions/A/Accelerate
0x000000000428c000 	/System/Library/Frameworks/Accelerate.framework/Versions/A/Frameworks/vImage.framework/Versions/A/vImage
0x000000000428c000 	/System/Library/Frameworks/Accelerate.framework/Versions/A/Frameworks/vecLib.framework/Versions/A/vecLib
0x000000000428c000 	/System/Library/Frameworks/Accelerate.framework/Versions/A/Frameworks/vecLib.framework/Versions/A/libvDSP.dylib
0x000000000428c000 	/System/Library/Frameworks/Accelerate.framework/Versions/A/Frameworks/vecLib.framework/Versions/A/libvMisc.dylib
0x000000000428c000 	/System/Library/Frameworks/Accelerate.framework/Versions/A/Frameworks/vecLib.framework/Versions/A/libLAPACK.dylib
0x000000000428c000 	/System/Library/Frameworks/Accelerate.framework/Versions/A/Frameworks/vecLib.framework/Versions/A/libBLAS.dylib
0x000000000428c000 	/System/Library/Frameworks/Accelerate.framework/Versions/A/Frameworks/vecLib.framework/Versions/A/libLinearAlgebra.dylib
0x000000000428c000 	/System/Library/Frameworks/ApplicationServices.framework/Versions/A/Frameworks/ATS.framework/Versions/A/Resources/libFontParser.dylib
0x000000000428c000 	/System/Library/Frameworks/ApplicationServices.framework/Versions/A/Frameworks/ATS.framework/Versions/A/Resources/libFontRegistry.dylib
0x000000000428c000 	/System/Library/PrivateFrameworks/AppleVPA.framework/Versions/A/AppleVPA
0x000000000428c000 	/System/Library/PrivateFrameworks/AppleJPEG.framework/Versions/A/AppleJPEG
0x000000000428c000 	/System/Library/Frameworks/ImageIO.framework/Versions/A/Resources/libJPEG.dylib
0x000000000428c000 	/System/Library/Frameworks/ImageIO.framework/Versions/A/Resources/libTIFF.dylib
0x000000000428c000 	/System/Library/Frameworks/ImageIO.framework/Versions/A/Resources/libPng.dylib
0x000000000428c000 	/System/Library/Frameworks/ImageIO.framework/Versions/A/Resources/libGIF.dylib
0x000000000428c000 	/System/Library/Frameworks/ImageIO.framework/Versions/A/Resources/libJP2.dylib
0x000000000428c000 	/System/Library/Frameworks/ImageIO.framework/Versions/A/Resources/libRadiance.dylib
0x000000000428c000 	/System/Library/Frameworks/CoreVideo.framework/Versions/A/CoreVideo
0x000000000428c000 	/System/Library/Frameworks/OpenGL.framework/Versions/A/Libraries/libGLU.dylib
0x000000000428c000 	/System/Library/Frameworks/OpenGL.framework/Versions/A/Libraries/libGFXShared.dylib
0x000000000428c000 	/System/Library/Frameworks/OpenGL.framework/Versions/A/Libraries/libGL.dylib
0x000000000428c000 	/System/Library/Frameworks/OpenGL.framework/Versions/A/Libraries/libGLImage.dylib
0x000000000428c000 	/System/Library/Frameworks/OpenGL.framework/Versions/A/Libraries/libCVMSPluginSupport.dylib
0x000000000428c000 	/System/Library/Frameworks/OpenGL.framework/Versions/A/Libraries/libCoreVMClient.dylib
0x000000000428c000 	/usr/lib/libcups.2.dylib
0x000000000428c000 	/System/Library/Frameworks/Kerberos.framework/Versions/A/Kerberos
0x000000000428c000 	/System/Library/Frameworks/GSS.framework/Versions/A/GSS
0x000000000428c000 	/usr/lib/libresolv.9.dylib
0x000000000428c000 	/usr/lib/libiconv.2.dylib
0x000000000428c000 	/System/Library/PrivateFrameworks/Heimdal.framework/Versions/A/Heimdal
0x000000000428c000 	/usr/lib/libheimdal-asn1.dylib
0x000000000428c000 	/System/Library/Frameworks/OpenDirectory.framework/Versions/A/OpenDirectory
0x000000000428c000 	/System/Library/PrivateFrameworks/CommonAuth.framework/Versions/A/CommonAuth
0x000000000428c000 	/System/Library/Frameworks/OpenDirectory.framework/Versions/A/Frameworks/CFOpenDirectory.framework/Versions/A/CFOpenDirectory
0x000000000428c000 	/System/Library/Frameworks/SecurityFoundation.framework/Versions/A/SecurityFoundation
0x000000000428c000 	/System/Library/PrivateFrameworks/LanguageModeling.framework/Versions/A/LanguageModeling
0x000000000428c000 	/usr/lib/libcmph.dylib
0x000000000428c000 	/System/Library/Frameworks/ServiceManagement.framework/Versions/A/ServiceManagement
0x000000000428c000 	/usr/lib/libxslt.1.dylib
0x000000000428c000 	/System/Library/Frameworks/Carbon.framework/Versions/A/Frameworks/Ink.framework/Versions/A/Ink
0x000000000428c000 	/System/Library/Frameworks/QuartzCore.framework/Versions/A/Frameworks/CoreImage.framework/Versions/A/CoreImage
0x000000000428c000 	/System/Library/PrivateFrameworks/CrashReporterSupport.framework/Versions/A/CrashReporterSupport
0x000000000428c000 	/System/Library/Frameworks/OpenCL.framework/Versions/A/OpenCL
0x000000000428c000 	/System/Library/PrivateFrameworks/FaceCore.framework/Versions/A/FaceCore
0x000000000428c000 	/System/Library/PrivateFrameworks/Ubiquity.framework/Versions/A/Ubiquity
0x000000000428c000 	/System/Library/PrivateFrameworks/IconServices.framework/Versions/A/IconServices
0x000000000428c000 	/System/Library/PrivateFrameworks/ChunkingLibrary.framework/Versions/A/ChunkingLibrary
0x000000000428c000 	/System/Library/PrivateFrameworks/Apple80211.framework/Versions/A/Apple80211
0x000000000428c000 	/System/Library/Frameworks/CoreWLAN.framework/Versions/A/CoreWLAN
0x000000000428c000 	/System/Library/Frameworks/IOBluetooth.framework/Versions/A/IOBluetooth
0x000000000428c000 	/System/Library/PrivateFrameworks/CoreWiFi.framework/Versions/A/CoreWiFi
0x000000000428c000 	/System/Library/Frameworks/CoreBluetooth.framework/Versions/A/CoreBluetooth
0x000000000428c000 	/System/Library/PrivateFrameworks/DebugSymbols.framework/Versions/A/DebugSymbols
0x000000000428c000 	/System/Library/PrivateFrameworks/CoreSymbolication.framework/Versions/A/CoreSymbolication
0x000000000428c000 	/System/Library/PrivateFrameworks/Symbolication.framework/Versions/A/Symbolication
0x000000000428c000 	/System/Library/PrivateFrameworks/SpeechRecognitionCore.framework/Versions/A/SpeechRecognitionCore
0x0000000109a00000 	/Library/Java/JavaVirtualMachines/jdk1.8.0_25.jdk/Contents/Home/jre/lib/server/libjvm.dylib
0x000000000428c000 	/usr/lib/libstdc++.6.dylib
0x00000001091e0000 	/Library/Java/JavaVirtualMachines/jdk1.8.0_25.jdk/Contents/Home/jre/lib/libverify.dylib
0x000000010a91c000 	/Library/Java/JavaVirtualMachines/jdk1.8.0_25.jdk/Contents/Home/jre/lib/libjava.dylib
0x000000010a950000 	/Library/Java/JavaVirtualMachines/jdk1.8.0_25.jdk/Contents/Home/jre/lib/libjdwp.dylib
0x00000001091ef000 	/Library/Java/JavaVirtualMachines/jdk1.8.0_25.jdk/Contents/Home/jre/lib/libnpt.dylib
0x000000010a99b000 	/Library/Java/JavaVirtualMachines/jdk1.8.0_25.jdk/Contents/Home/jre/lib/libzip.dylib
0x000000011e4af000 	/System/Library/Frameworks/JavaVM.framework/Frameworks/JavaRuntimeSupport.framework/JavaRuntimeSupport
0x000000011e4c7000 	/System/Library/Frameworks/JavaVM.framework/Versions/A/Frameworks/JavaNativeFoundation.framework/Versions/A/JavaNativeFoundation
0x000000011e4dc000 	/System/Library/Frameworks/JavaVM.framework/Versions/A/JavaVM
0x000000000428c000 	/System/Library/Frameworks/Carbon.framework/Versions/A/Carbon
0x000000011e4e9000 	/System/Library/PrivateFrameworks/JavaLaunching.framework/Versions/A/JavaLaunching
0x000000000428c000 	/System/Library/Frameworks/Carbon.framework/Versions/A/Frameworks/CommonPanels.framework/Versions/A/CommonPanels
0x000000000428c000 	/System/Library/Frameworks/Carbon.framework/Versions/A/Frameworks/Help.framework/Versions/A/Help
0x000000000428c000 	/System/Library/Frameworks/Carbon.framework/Versions/A/Frameworks/ImageCapture.framework/Versions/A/ImageCapture
0x000000000428c000 	/System/Library/Frameworks/Carbon.framework/Versions/A/Frameworks/OpenScripting.framework/Versions/A/OpenScripting
0x000000000428c000 	/System/Library/Frameworks/Carbon.framework/Versions/A/Frameworks/Print.framework/Versions/A/Print
0x000000000428c000 	/System/Library/Frameworks/Carbon.framework/Versions/A/Frameworks/SecurityHI.framework/Versions/A/SecurityHI
0x000000011fdf7000 	/Library/Java/JavaVirtualMachines/jdk1.8.0_25.jdk/Contents/Home/jre/lib/libdt_socket.dylib

VM Arguments:
jvm_args: -agentlib:jdwp=transport=dt_socket,address=127.0.0.1:56244,suspend=y,server=n -Dfile.encoding=UTF-8 
java_command: Main /Users/MikeCooper/Uni - CS/PANDA II/Java/cwk3 - Graphs/graph.txt
java_class_path (initial): /Library/Java/JavaVirtualMachines/jdk1.8.0_25.jdk/Contents/Home/lib/ant-javafx.jar:/Library/Java/JavaVirtualMachines/jdk1.8.0_25.jdk/Contents/Home/lib/dt.jar:/Library/Java/JavaVirtualMachines/jdk1.8.0_25.jdk/Contents/Home/lib/javafx-mx.jar:/Library/Java/JavaVirtualMachines/jdk1.8.0_25.jdk/Contents/Home/lib/jconsole.jar:/Library/Java/JavaVirtualMachines/jdk1.8.0_25.jdk/Contents/Home/lib/sa-jdi.jar:/Library/Java/JavaVirtualMachines/jdk1.8.0_25.jdk/Contents/Home/lib/tools.jar:/Library/Java/JavaVirtualMachines/jdk1.8.0_25.jdk/Contents/Home/jre/lib/charsets.jar:/Library/Java/JavaVirtualMachines/jdk1.8.0_25.jdk/Contents/Home/jre/lib/deploy.jar:/Library/Java/JavaVirtualMachines/jdk1.8.0_25.jdk/Contents/Home/jre/lib/javaws.jar:/Library/Java/JavaVirtualMachines/jdk1.8.0_25.jdk/Contents/Home/jre/lib/jce.jar:/Library/Java/JavaVirtualMachines/jdk1.8.0_25.jdk/Contents/Home/jre/lib/jfr.jar:/Library/Java/JavaVirtualMachines/jdk1.8.0_25.jdk/Contents/Home/jre/lib/jfxswt.jar:/Library/Java/JavaVirtualMachines/jdk1.8.0_25.jdk/Contents/Home/jre/lib/jsse.jar:/Library/Java/JavaVirtualMachines/jdk1.8.0_25.jdk/Contents/Home/jre/lib/management-agent.jar:/Library/Java/JavaVirtualMachines/jdk1.8.0_25.jdk/Contents/Home/jre/lib/plugin.jar:/Library/Java/JavaVirtualMachines/jdk1.8.0_25.jdk/Contents/Home/jre/lib/resources.jar:/Library/Java/JavaVirtualMachines/jdk1.8.0_25.jdk/Contents/Home/jre/lib/rt.jar:/Library/Java/JavaVirtualMachines/jdk1.8.0_25.jdk/Contents/Home/jre/lib/ext/cldrdata.jar:/Library/Java/JavaVirtualMachines/jdk1.8.0_25.jdk/Contents/Home/jre/lib/ext/dnsns.jar:/Library/Java/JavaVirtualMachines/jdk1.8.0_25.jdk/Contents/Home/jre/lib/ext/jfxrt.jar:/Library/Java/JavaVirtualMachines/jdk1.8.0_25.jdk/Contents/Home/jre/lib/ext/localedata.jar:/Library/Java/JavaVirtualMachines/jdk1.8.0_25.jdk/Contents/Home/jre/lib/ext/nashorn.jar:/Library/Java/JavaVirtualMachines/jdk1.8.0_25.jdk/Contents/Home/jre/lib/ext/sunec.jar:/Library/Java/JavaVirtualMachines/jdk1.8.0_25.jdk/C
Launcher Type: SUN_STANDARD

Environment Variables:
PATH=/usr/local/bin:/usr/bin:/bin:/usr/sbin:/sbin:/usr/local/git/bin
SHELL=/bin/bash

Signal Handlers:
SIGSEGV: [libjvm.dylib+0x579dc7], sa_mask[0]=11111111011111110111111111111111, sa_flags=SA_ONSTACK|SA_RESTART|SA_SIGINFO
SIGBUS: [libjvm.dylib+0x579dc7], sa_mask[0]=11111111011111110111111111111111, sa_flags=SA_RESTART|SA_SIGINFO
SIGFPE: [libjvm.dylib+0x45b030], sa_mask[0]=11111111011111110111111111111111, sa_flags=SA_RESTART|SA_SIGINFO
SIGPIPE: [libjvm.dylib+0x45b030], sa_mask[0]=11111111011111110111111111111111, sa_flags=SA_RESTART|SA_SIGINFO
SIGXFSZ: [libjvm.dylib+0x45b030], sa_mask[0]=11111111011111110111111111111111, sa_flags=SA_RESTART|SA_SIGINFO
SIGILL: [libjvm.dylib+0x45b030], sa_mask[0]=11111111011111110111111111111111, sa_flags=SA_RESTART|SA_SIGINFO
SIGUSR1: SIG_DFL, sa_mask[0]=00000000000000000000000000000000, sa_flags=none
SIGUSR2: [libjvm.dylib+0x45ab4e], sa_mask[0]=00100000000000000000000000000000, sa_flags=SA_RESTART|SA_SIGINFO
SIGHUP: [libjvm.dylib+0x459121], sa_mask[0]=11111111011111110111111111111111, sa_flags=SA_RESTART|SA_SIGINFO
SIGINT: [libjvm.dylib+0x459121], sa_mask[0]=11111111011111110111111111111111, sa_flags=SA_RESTART|SA_SIGINFO
SIGTERM: [libjvm.dylib+0x459121], sa_mask[0]=11111111011111110111111111111111, sa_flags=SA_RESTART|SA_SIGINFO
SIGQUIT: [libjvm.dylib+0x459121], sa_mask[0]=11111111011111110111111111111111, sa_flags=SA_RESTART|SA_SIGINFO


---------------  S Y S T E M  ---------------

OS:Bsduname:Darwin 14.1.0 Darwin Kernel Version 14.1.0: Mon Dec 22 23:10:38 PST 2014; root:xnu-2782.10.72~2/RELEASE_X86_64 x86_64
rlimit: STACK 8192k, CORE 0k, NPROC 709, NOFILE 10240, AS infinity
load average:2.73 2.54 2.18

CPU:total 4 (2 cores per cpu, 2 threads per core) family 6 model 58 stepping 9, cmov, cx8, fxsr, mmx, sse, sse2, sse3, ssse3, sse4.1, sse4.2, popcnt, avx, aes, clmul, erms, ht, tsc, tscinvbit, tscinv

Memory: 4k page, physical 4194304k(218896k free)

/proc/meminfo:


vm_info: Java HotSpot(TM) 64-Bit Server VM (25.25-b02) for bsd-amd64 JRE (1.8.0_25-b17), built on Sep 17 2014 16:56:50 by "java_re" with gcc 4.2.1 (Based on Apple Inc. build 5658) (LLVM build 2336.11.00)

time: Sun Feb 15 18:35:51 2015
elapsed time: 2063 seconds (0d 0h 34m 23s)

