#
# A fatal error has been detected by the Java Runtime Environment:
#
#  SIGSEGV (0xb) at pc=0x000000010b7a42b0, pid=4234, tid=16387
#
# JRE version: Java(TM) SE Runtime Environment (8.0_25-b17) (build 1.8.0_25-b17)
# Java VM: Java HotSpot(TM) 64-Bit Server VM (25.25-b02 mixed mode bsd-amd64 compressed oops)
# Problematic frame:
# V  [libjvm.dylib+0x4232b0]
#
# Failed to write core dump. Core dumps have been disabled. To enable core dumping, try "ulimit -c unlimited" before starting Java again
#
# If you would like to submit a bug report, please visit:
#   http://bugreport.sun.com/bugreport/crash.jsp
#

---------------  T H R E A D  ---------------

Current thread (0x00007fa52b850800):  JavaThread "JDWP Transport Listener: dt_socket" daemon [_thread_in_vm, id=16387, stack(0x0000000122036000,0x0000000122136000)]

siginfo: si_signo: 11 (SIGSEGV), si_code: 0 (unknown), si_addr: 0x0000000000000000

Registers:
RAX=0x0000000000000001, RBX=0x0000000122135a8b, RCX=0x000000010bb57c80, RDX=0x0000000122135a8b
RSP=0x00000001221359d0, RBP=0x00000001221359e0, RSI=0x00007fa52b850800, RDI=0x00081d712aa57f00
R8 =0x0000000000000001, R9 =0x00007fa52a500000, R10=0x0000000000000020, R11=0x00007fa52a500000
R12=0x00007fa52b850800, R13=0x00081d712aa57f00, R14=0x00081d712aa57f00, R15=0x00007fa52a501690
RIP=0x000000010b7a42b0, EFLAGS=0x0000000000010206, ERR=0x0000000000000000
  TRAPNO=0x000000000000000d

Top of Stack: (sp=0x00000001221359d0)
0x00000001221359d0:   0000000122135a8b 0000000122135a8b
0x00000001221359e0:   0000000122135a40 000000010b6b626e
0x00000001221359f0:   00007fa52b850800 0000000000000000
0x0000000122135a00:   0000000000000000 0000000000000000
0x0000000122135a10:   00007fa52b850800 00007fa52b850800
0x0000000122135a20:   0000000122135a8b 0000000122135a90
0x0000000122135a30:   00081d712aa57f00 0000000000000005
0x0000000122135a40:   0000000122135a60 000000010cc207dc
0x0000000122135a50:   0000000000000001 0000000122135b08
0x0000000122135a60:   0000000122135ad0 000000010cc05263
0x0000000122135a70:   0000000122135aa0 00007fa52a526610
0x0000000122135a80:   0000000700000032 0000000a00135b08
0x0000000122135a90:   0000000000000000 0000000000000000
0x0000000122135aa0:   0000000000000000 0000000122135c90
0x0000000122135ab0:   000000010cc27eca 00007fa52a521cd0
0x0000000122135ac0:   0000000122135b08 000000010cc33588
0x0000000122135ad0:   0000000122135ae0 000000010cc0535c
0x0000000122135ae0:   0000000122135d00 000000010cc0e8f6
0x0000000122135af0:   00018c7300000013 00000000000f0200
0x0000000122135b00:   00007fa52a51c5e0 00007fa52a526022
0x0000000122135b10:   00007fa500000206 00007fa52a5266f0
0x0000000122135b20:   00007fa50000012c 0000000122135b58
0x0000000122135b30:   00007fa52a5266f0 00007f0000000000
0x0000000122135b40:   00018c730000000f 00007fff00002f80
0x0000000122135b50:   0000000122135b58 a57f000007000000
0x0000000122135b60:   1c000000d82a522a 6c6c7546646e6966
0x0000000122135b70:   7463656e6e6f4379 62686769654e6465
0x0000000122135b80:   0a0000007372756f 3b68706172474c28
0x0000000122135b90:   0000000000005629 712aa57f00000a00
0x0000000122135ba0:   616d04000000f81c 5b28160000006e69
0x0000000122135bb0:   616c2f6176616a4c 6e697274532f676e
0x0000000122135bc0:   0000000056293b67 a57f000009000000 

Instructions: (pc=0x000000010b7a42b0)
0x000000010b7a4290:   40 48 48 85 c0 75 e0 30 c0 0f b6 c0 5d c3 31 c0
0x000000010b7a42a0:   5d c3 55 48 89 e5 53 48 83 ec 08 48 85 ff 74 24
0x000000010b7a42b0:   48 8b 1f 48 85 db 74 1c 48 83 fb 37 74 16 48 8b
0x000000010b7a42c0:   03 48 89 df ff 50 10 84 c0 b8 00 00 00 00 48 0f 

Register to memory mapping:

RAX=0x0000000000000001 is an unknown value
RBX=0x0000000122135a8b is pointing into the stack for thread: 0x00007fa52b850800
RCX=0x000000010bb57c80: UseMembar+0 in /Library/Java/JavaVirtualMachines/jdk1.8.0_25.jdk/Contents/Home/jre/lib/server/libjvm.dylib at 0x000000010b381000
RDX=0x0000000122135a8b is pointing into the stack for thread: 0x00007fa52b850800
RSP=0x00000001221359d0 is pointing into the stack for thread: 0x00007fa52b850800
RBP=0x00000001221359e0 is pointing into the stack for thread: 0x00007fa52b850800
RSI=0x00007fa52b850800 is a thread
RDI=0x00081d712aa57f00 is an unknown value
R8 =0x0000000000000001 is an unknown value
R9 =0x00007fa52a500000 is an unknown value
R10=0x0000000000000020 is an unknown value
R11=0x00007fa52a500000 is an unknown value
R12=0x00007fa52b850800 is a thread
R13=0x00081d712aa57f00 is an unknown value
R14=0x00081d712aa57f00 is an unknown value
R15=0x00007fa52a501690 is an unknown value


Stack: [0x0000000122036000,0x0000000122136000],  sp=0x00000001221359d0,  free space=1022k
Native frames: (J=compiled Java code, j=interpreted, Vv=VM code, C=native code)
V  [libjvm.dylib+0x4232b0]
V  [libjvm.dylib+0x33526e]
C  [libjdwp.dylib+0x207dc]  isMethodSynthetic+0x63
C  [libjdwp.dylib+0x5263]  methods1+0x10b
C  [libjdwp.dylib+0x535c]  methodsWithGeneric+0xe
C  [libjdwp.dylib+0xe8f6]  debugLoop_run+0x1ce
C  [libjdwp.dylib+0x1f716]  attachThread+0x4d
V  [libjvm.dylib+0x3762ce]
V  [libjvm.dylib+0x535ed9]
V  [libjvm.dylib+0x53761c]
V  [libjvm.dylib+0x45d87e]
C  [libsystem_pthread.dylib+0x3268]  _pthread_body+0x83
C  [libsystem_pthread.dylib+0x31e5]  _pthread_body+0x0
C  [libsystem_pthread.dylib+0x141d]  thread_start+0xd
C  0x0000000000000000


---------------  P R O C E S S  ---------------

Java Threads: ( => current thread )
  0x00007fa52b861800 JavaThread "Service Thread" daemon [_thread_blocked, id=19459, stack(0x0000000122648000,0x0000000122748000)]
  0x00007fa52b02b800 JavaThread "C1 CompilerThread2" daemon [_thread_blocked, id=18947, stack(0x0000000122545000,0x0000000122645000)]
  0x00007fa52a82a000 JavaThread "C2 CompilerThread1" daemon [_thread_blocked, id=18435, stack(0x0000000122442000,0x0000000122542000)]
  0x00007fa52b84f800 JavaThread "C2 CompilerThread0" daemon [_thread_blocked, id=17923, stack(0x000000012233f000,0x000000012243f000)]
  0x00007fa52b852000 JavaThread "JDWP Command Reader" daemon [_thread_in_native, id=17411, stack(0x000000012223c000,0x000000012233c000)]
  0x00007fa52b851800 JavaThread "JDWP Event Helper Thread" daemon [_thread_blocked, id=16899, stack(0x0000000122139000,0x0000000122239000)]
=>0x00007fa52b850800 JavaThread "JDWP Transport Listener: dt_socket" daemon [_thread_in_vm, id=16387, stack(0x0000000122036000,0x0000000122136000)]
  0x00007fa52b004000 JavaThread "Signal Dispatcher" daemon [_thread_blocked, id=12303, stack(0x0000000121f2c000,0x000000012202c000)]
  0x00007fa52b002000 JavaThread "Finalizer" daemon [_thread_blocked, id=11523, stack(0x0000000120665000,0x0000000120765000)]
  0x00007fa52a81c000 JavaThread "Reference Handler" daemon [_thread_blocked, id=11011, stack(0x0000000120562000,0x0000000120662000)]
  0x00007fa52c001000 JavaThread "main" [_thread_blocked, id=4867, stack(0x000000010c2b5000,0x000000010c3b5000)]

Other Threads:
  0x00007fa52a817000 VMThread [stack: 0x000000012045f000,0x000000012055f000] [id=10499]
  0x00007fa52b03c800 WatcherThread [stack: 0x000000012274b000,0x000000012284b000] [id=19971]

VM state:not at safepoint (normal execution)

VM Mutex/Monitor currently owned by a thread: None

Heap:
 PSYoungGen      total 18944K, used 2965K [0x00000007aab00000, 0x00000007ac000000, 0x00000007c0000000)
  eden space 16384K, 18% used [0x00000007aab00000,0x00000007aade56e0,0x00000007abb00000)
  from space 2560K, 0% used [0x00000007abd80000,0x00000007abd80000,0x00000007ac000000)
  to   space 2560K, 0% used [0x00000007abb00000,0x00000007abb00000,0x00000007abd80000)
 ParOldGen       total 44032K, used 0K [0x0000000780000000, 0x0000000782b00000, 0x00000007aab00000)
  object space 44032K, 0% used [0x0000000780000000,0x0000000780000000,0x0000000782b00000)
 Metaspace       used 3810K, capacity 4768K, committed 4864K, reserved 1056768K
  class space    used 427K, capacity 464K, committed 512K, reserved 1048576K

Card table byte_map: [0x000000011c01c000,0x000000011c21d000] byte_map_base: 0x000000011841c000

Marking Bits: (ParMarkBitMap*) 0x000000010bc1e390
 Begin Bits: [0x000000011c77f000, 0x000000011d77f000)
 End Bits:   [0x000000011d77f000, 0x000000011e77f000)

Polling page: 0x000000010c3f9000

CodeCache: size=245760Kb used=1347Kb max_used=1357Kb free=244412Kb
 bounds [0x000000010cc5c000, 0x000000010cecc000, 0x000000011bc5c000]
 total_blobs=390 nmethods=143 adapters=170
 compilation: enabled

Compilation events (10 events):
Event: 0.416 Thread 0x00007fa52b02b800  141       3       java.util.HashMap::keySet (27 bytes)
Event: 0.416 Thread 0x00007fa52a82a000 nmethod 139 0x000000010cdad490 code [0x000000010cdad5e0, 0x000000010cdad658]
Event: 0.416 Thread 0x00007fa52a82a000  140       4       java.util.HashMap$KeyIterator::next (8 bytes)
Event: 0.416 Thread 0x00007fa52b02b800 nmethod 141 0x000000010cdacd90 code [0x000000010cdacf20, 0x000000010cdad2d0]
Event: 0.417 Thread 0x00007fa52b02b800  142       3       java.util.ArrayList$SubList$1::next (79 bytes)
Event: 0.418 Thread 0x00007fa52b02b800 nmethod 142 0x000000010cdac3d0 code [0x000000010cdac5a0, 0x000000010cdaca88]
Event: 0.418 Thread 0x00007fa52b02b800  143       3       java.util.ArrayList$SubList$1::checkForComodification (26 bytes)
Event: 0.418 Thread 0x00007fa52b02b800 nmethod 143 0x000000010cdaa9d0 code [0x000000010cdaab60, 0x000000010cdaada8]
Event: 0.418 Thread 0x00007fa52b84f800 nmethod 134 0x000000010cdaf0d0 code [0x000000010cdaf240, 0x000000010cdaf538]
Event: 0.421 Thread 0x00007fa52a82a000 nmethod 140 0x000000010cdaf6d0 code [0x000000010cdaf820, 0x000000010cdafa58]

GC Heap History (0 events):
No events

Deoptimization events (0 events):
No events

Internal exceptions (10 events):
Event: 0.275 Thread 0x00007fa52c001000 Exception <a 'java/security/PrivilegedActionException'> (0x00000007aad1c950) thrown at [/HUDSON3/workspace/8-2-build-macosx-x86_64/jdk8u25/1514/hotspot/src/share/vm/prims/jvm.cpp, line 1312]
Event: 0.276 Thread 0x00007fa52c001000 Exception <a 'java/security/PrivilegedActionException'> (0x00000007aad1fe08) thrown at [/HUDSON3/workspace/8-2-build-macosx-x86_64/jdk8u25/1514/hotspot/src/share/vm/prims/jvm.cpp, line 1312]
Event: 0.359 Thread 0x00007fa52c001000 Exception <a 'java/security/PrivilegedActionException'> (0x00000007aad49468) thrown at [/HUDSON3/workspace/8-2-build-macosx-x86_64/jdk8u25/1514/hotspot/src/share/vm/prims/jvm.cpp, line 1312]
Event: 0.359 Thread 0x00007fa52c001000 Exception <a 'java/security/PrivilegedActionException'> (0x00000007aad497b0) thrown at [/HUDSON3/workspace/8-2-build-macosx-x86_64/jdk8u25/1514/hotspot/src/share/vm/prims/jvm.cpp, line 1312]
Event: 0.360 Thread 0x00007fa52c001000 Exception <a 'java/security/PrivilegedActionException'> (0x00000007aad4cb30) thrown at [/HUDSON3/workspace/8-2-build-macosx-x86_64/jdk8u25/1514/hotspot/src/share/vm/prims/jvm.cpp, line 1312]
Event: 0.361 Thread 0x00007fa52c001000 Exception <a 'java/security/PrivilegedActionException'> (0x00000007aad4ce78) thrown at [/HUDSON3/workspace/8-2-build-macosx-x86_64/jdk8u25/1514/hotspot/src/share/vm/prims/jvm.cpp, line 1312]
Event: 0.381 Thread 0x00007fa52c001000 Exception <a 'java/security/PrivilegedActionException'> (0x00000007aad64d18) thrown at [/HUDSON3/workspace/8-2-build-macosx-x86_64/jdk8u25/1514/hotspot/src/share/vm/prims/jvm.cpp, line 1312]
Event: 0.383 Thread 0x00007fa52c001000 Exception <a 'java/security/PrivilegedActionException'> (0x00000007aad6a710) thrown at [/HUDSON3/workspace/8-2-build-macosx-x86_64/jdk8u25/1514/hotspot/src/share/vm/prims/jvm.cpp, line 1312]
Event: 0.400 Thread 0x00007fa52c001000 Exception <a 'java/security/PrivilegedActionException'> (0x00000007aad74cd0) thrown at [/HUDSON3/workspace/8-2-build-macosx-x86_64/jdk8u25/1514/hotspot/src/share/vm/prims/jvm.cpp, line 1312]
Event: 11.816 Thread 0x00007fa52c001000 Exception <a 'java/security/PrivilegedActionException'> (0x00000007aadac150) thrown at [/HUDSON3/workspace/8-2-build-macosx-x86_64/jdk8u25/1514/hotspot/src/share/vm/prims/jvm.cpp, line 1312]

Events (10 events):
Event: 2063.176 Executing VM operation: ChangeBreakpoints
Event: 2063.176 Executing VM operation: ChangeBreakpoints done
Event: 2138.568 Executing VM operation: ChangeBreakpoints
Event: 2138.568 Executing VM operation: ChangeBreakpoints done
Event: 2190.000 Executing VM operation: RedefineClasses
Event: 2190.001 Executing VM operation: RedefineClasses done
Event: 2468.886 Executing VM operation: RedefineClasses
Event: 2468.889 Executing VM operation: RedefineClasses done
Event: 6715.468 Executing VM operation: RedefineClasses
Event: 6715.473 Executing VM operation: RedefineClasses done


Dynamic libraries:
0x000000000428c000 	/System/Library/Frameworks/Cocoa.framework/Versions/A/Cocoa
0x000000000428c000 	/System/Library/Frameworks/Security.framework/Versions/A/Security
0x000000000428c000 	/System/Library/Frameworks/ApplicationServices.framework/Versions/A/ApplicationServices
0x000000000428c000 	/usr/lib/libz.1.dylib
0x000000000428c000 	/usr/lib/libSystem.B.dylib
0x000000000428c000 	/usr/lib/libobjc.A.dylib
0x000000000428c000 	/System/Library/Frameworks/CoreFoundation.framework/Versions/A/CoreFoundation
0x000000000428c000 	/System/Library/Frameworks/Foundation.framework/Versions/C/Foundation
0x000000000428c000 	/System/Library/Frameworks/AppKit.framework/Versions/C/AppKit
0x000000000428c000 	/System/Library/Frameworks/CoreData.framework/Versions/A/CoreData
0x000000000428c000 	/System/Library/PrivateFrameworks/RemoteViewServices.framework/Versions/A/RemoteViewServices
0x000000000428c000 	/System/Library/PrivateFrameworks/UIFoundation.framework/Versions/A/UIFoundation
0x000000000428c000 	/System/Library/Frameworks/IOSurface.framework/Versions/A/IOSurface
0x000000000428c000 	/System/Library/Frameworks/AudioToolbox.framework/Versions/A/AudioToolbox
0x000000000428c000 	/System/Library/Frameworks/AudioUnit.framework/Versions/A/AudioUnit
0x000000000428c000 	/System/Library/PrivateFrameworks/DataDetectorsCore.framework/Versions/A/DataDetectorsCore
0x000000000428c000 	/System/Library/PrivateFrameworks/DesktopServicesPriv.framework/Versions/A/DesktopServicesPriv
0x000000000428c000 	/System/Library/Frameworks/Carbon.framework/Versions/A/Frameworks/HIToolbox.framework/Versions/A/HIToolbox
0x000000000428c000 	/System/Library/Frameworks/QuartzCore.framework/Versions/A/QuartzCore
0x000000000428c000 	/System/Library/Frameworks/Carbon.framework/Versions/A/Frameworks/SpeechRecognition.framework/Versions/A/SpeechRecognition
0x000000000428c000 	/usr/lib/libauto.dylib
0x000000000428c000 	/usr/lib/libicucore.A.dylib
0x000000000428c000 	/usr/lib/libxml2.2.dylib
0x000000000428c000 	/System/Library/PrivateFrameworks/CoreUI.framework/Versions/A/CoreUI
0x000000000428c000 	/System/Library/Frameworks/CoreAudio.framework/Versions/A/CoreAudio
0x000000000428c000 	/System/Library/Frameworks/DiskArbitration.framework/Versions/A/DiskArbitration
0x000000000428c000 	/usr/lib/liblangid.dylib
0x000000000428c000 	/System/Library/PrivateFrameworks/MultitouchSupport.framework/Versions/A/MultitouchSupport
0x000000000428c000 	/System/Library/Frameworks/IOKit.framework/Versions/A/IOKit
0x000000000428c000 	/usr/lib/libDiagnosticMessagesClient.dylib
0x000000000428c000 	/System/Library/Frameworks/CoreServices.framework/Versions/A/CoreServices
0x000000000428c000 	/System/Library/PrivateFrameworks/PerformanceAnalysis.framework/Versions/A/PerformanceAnalysis
0x000000000428c000 	/System/Library/PrivateFrameworks/GenerationalStorage.framework/Versions/A/GenerationalStorage
0x000000000428c000 	/System/Library/Frameworks/OpenGL.framework/Versions/A/OpenGL
0x000000000428c000 	/System/Library/PrivateFrameworks/Sharing.framework/Versions/A/Sharing
0x000000000428c000 	/System/Library/Frameworks/CoreGraphics.framework/Versions/A/CoreGraphics
0x000000000428c000 	/System/Library/Frameworks/CoreText.framework/Versions/A/CoreText
0x000000000428c000 	/System/Library/Frameworks/ImageIO.framework/Versions/A/ImageIO
0x000000000428c000 	/usr/lib/libextension.dylib
0x000000000428c000 	/System/Library/PrivateFrameworks/Backup.framework/Versions/A/Backup
0x000000000428c000 	/usr/lib/libarchive.2.dylib
0x000000000428c000 	/System/Library/Frameworks/CFNetwork.framework/Versions/A/CFNetwork
0x000000000428c000 	/System/Library/Frameworks/SystemConfiguration.framework/Versions/A/SystemConfiguration
0x000000000428c000 	/usr/lib/libCRFSuite.dylib
0x000000000428c000 	/usr/lib/libc++.1.dylib
0x000000000428c000 	/usr/lib/libc++abi.dylib
0x000000000428c000 	/usr/lib/system/libcache.dylib
0x000000000428c000 	/usr/lib/system/libcommonCrypto.dylib
0x000000000428c000 	/usr/lib/system/libcompiler_rt.dylib
0x000000000428c000 	/usr/lib/system/libcopyfile.dylib
0x000000000428c000 	/usr/lib/system/libcorecrypto.dylib
0x000000000428c000 	/usr/lib/system/libdispatch.dylib
0x000000000428c000 	/usr/lib/system/libdyld.dylib
0x000000000428c000 	/usr/lib/system/libkeymgr.dylib
0x000000000428c000 	/usr/lib/system/liblaunch.dylib
0x000000000428c000 	/usr/lib/system/libmacho.dylib
0x000000000428c000 	/usr/lib/system/libquarantine.dylib
0x000000000428c000 	/usr/lib/system/libremovefile.dylib
0x000000000428c000 	/usr/lib/system/libsystem_asl.dylib
0x000000000428c000 	/usr/lib/system/libsystem_blocks.dylib
0x000000000428c000 	/usr/lib/system/libsystem_c.dylib
0x000000000428c000 	/usr/lib/system/libsystem_configuration.dylib
0x000000000428c000 	/usr/lib/system/libsystem_coreservices.dylib
0x000000000428c000 	/usr/lib/system/libsystem_coretls.dylib
0x000000000428c000 	/usr/lib/system/libsystem_dnssd.dylib
0x000000000428c000 	/usr/lib/system/libsystem_info.dylib
0x000000000428c000 	/usr/lib/system/libsystem_kernel.dylib
0x000000000428c000 	/usr/lib/system/libsystem_m.dylib
0x000000000428c000 	/usr/lib/system/libsystem_malloc.dylib
0x000000000428c000 	/usr/lib/system/libsystem_network.dylib
0x000000000428c000 	/usr/lib/system/libsystem_networkextension.dylib
0x000000000428c000 	/usr/lib/system/libsystem_notify.dylib
0x000000000428c000 	/usr/lib/system/libsystem_platform.dylib
0x000000000428c000 	/usr/lib/system/libsystem_pthread.dylib
0x000000000428c000 	/usr/lib/system/libsystem_sandbox.dylib
0x000000000428c000 	/usr/lib/system/libsystem_secinit.dylib
0x000000000428c000 	/usr/lib/system/libsystem_stats.dylib
0x000000000428c000 	/usr/lib/system/libsystem_trace.dylib
0x000000000428c000 	/usr/lib/system/libunc.dylib
0x000000000428c000 	/usr/lib/system/libunwind.dylib
0x000000000428c000 	/usr/lib/system/libxpc.dylib
0x000000000428c000 	/usr/lib/libbz2.1.0.dylib
0x000000000428c000 	/usr/lib/liblzma.5.dylib
0x000000000428c000 	/usr/lib/libbsm.0.dylib
0x000000000428c000 	/usr/lib/libsqlite3.dylib
0x000000000428c000 	/usr/lib/system/libkxld.dylib
0x000000000428c000 	/usr/lib/libxar.1.dylib
0x000000000428c000 	/usr/lib/libpam.2.dylib
0x000000000428c000 	/usr/lib/libOpenScriptingUtil.dylib
0x000000000428c000 	/System/Library/Frameworks/CoreServices.framework/Versions/A/Frameworks/FSEvents.framework/Versions/A/FSEvents
0x000000000428c000 	/System/Library/Frameworks/CoreServices.framework/Versions/A/Frameworks/CarbonCore.framework/Versions/A/CarbonCore
0x000000000428c000 	/System/Library/Frameworks/CoreServices.framework/Versions/A/Frameworks/Metadata.framework/Versions/A/Metadata
0x000000000428c000 	/System/Library/Frameworks/CoreServices.framework/Versions/A/Frameworks/OSServices.framework/Versions/A/OSServices
0x000000000428c000 	/System/Library/Frameworks/CoreServices.framework/Versions/A/Frameworks/SearchKit.framework/Versions/A/SearchKit
0x000000000428c000 	/System/Library/Frameworks/CoreServices.framework/Versions/A/Frameworks/AE.framework/Versions/A/AE
0x000000000428c000 	/System/Library/Frameworks/CoreServices.framework/Versions/A/Frameworks/LaunchServices.framework/Versions/A/LaunchServices
0x000000000428c000 	/System/Library/Frameworks/CoreServices.framework/Versions/A/Frameworks/DictionaryServices.framework/Versions/A/DictionaryServices
0x000000000428c000 	/System/Library/Frameworks/NetFS.framework/Versions/A/NetFS
0x000000000428c000 	/System/Library/PrivateFrameworks/NetAuth.framework/Versions/A/NetAuth
0x000000000428c000 	/System/Library/PrivateFrameworks/login.framework/Versions/A/Frameworks/loginsupport.framework/Versions/A/loginsupport
0x000000000428c000 	/System/Library/PrivateFrameworks/TCC.framework/Versions/A/TCC
0x000000000428c000 	/usr/lib/libmecabra.dylib
0x000000000428c000 	/System/Library/Frameworks/ApplicationServices.framework/Versions/A/Frameworks/ATS.framework/Versions/A/ATS
0x000000000428c000 	/System/Library/Frameworks/ApplicationServices.framework/Versions/A/Frameworks/ColorSync.framework/Versions/A/ColorSync
0x000000000428c000 	/System/Library/Frameworks/ApplicationServices.framework/Versions/A/Frameworks/HIServices.framework/Versions/A/HIServices
0x000000000428c000 	/System/Library/Frameworks/ApplicationServices.framework/Versions/A/Frameworks/LangAnalysis.framework/Versions/A/LangAnalysis
0x000000000428c000 	/System/Library/Frameworks/ApplicationServices.framework/Versions/A/Frameworks/PrintCore.framework/Versions/A/PrintCore
0x000000000428c000 	/System/Library/Frameworks/ApplicationServices.framework/Versions/A/Frameworks/QD.framework/Versions/A/QD
0x000000000428c000 	/System/Library/Frameworks/ApplicationServices.framework/Versions/A/Frameworks/SpeechSynthesis.framework/Versions/A/SpeechSynthesis
0x000000000428c000 	/System/Library/Frameworks/Accelerate.framework/Versions/A/Accelerate
0x000000000428c000 	/System/Library/Frameworks/Accelerate.framework/Versions/A/Frameworks/vImage.framework/Versions/A/vImage
0x000000000428c000 	/System/Library/Frameworks/Accelerate.framework/Versions/A/Frameworks/vecLib.framework/Versions/A/vecLib
0x000000000428c000 	/System/Library/Frameworks/Accelerate.framework/Versions/A/Frameworks/vecLib.framework/Versions/A/libvDSP.dylib
0x000000000428c000 	/System/Library/Frameworks/Accelerate.framework/Versions/A/Frameworks/vecLib.framework/Versions/A/libvMisc.dylib
0x000000000428c000 	/System/Library/Frameworks/Accelerate.framework/Versions/A/Frameworks/vecLib.framework/Versions/A/libLAPACK.dylib
0x000000000428c000 	/System/Library/Frameworks/Accelerate.framework/Versions/A/Frameworks/vecLib.framework/Versions/A/libBLAS.dylib
0x000000000428c000 	/System/Library/Frameworks/Accelerate.framework/Versions/A/Frameworks/vecLib.framework/Versions/A/libLinearAlgebra.dylib
0x000000000428c000 	/System/Library/Frameworks/ApplicationServices.framework/Versions/A/Frameworks/ATS.framework/Versions/A/Resources/libFontParser.dylib
0x000000000428c000 	/System/Library/Frameworks/ApplicationServices.framework/Versions/A/Frameworks/ATS.framework/Versions/A/Resources/libFontRegistry.dylib
0x000000000428c000 	/System/Library/PrivateFrameworks/AppleVPA.framework/Versions/A/AppleVPA
0x000000000428c000 	/System/Library/PrivateFrameworks/AppleJPEG.framework/Versions/A/AppleJPEG
0x000000000428c000 	/System/Library/Frameworks/ImageIO.framework/Versions/A/Resources/libJPEG.dylib
0x000000000428c000 	/System/Library/Frameworks/ImageIO.framework/Versions/A/Resources/libTIFF.dylib
0x000000000428c000 	/System/Library/Frameworks/ImageIO.framework/Versions/A/Resources/libPng.dylib
0x000000000428c000 	/System/Library/Frameworks/ImageIO.framework/Versions/A/Resources/libGIF.dylib
0x000000000428c000 	/System/Library/Frameworks/ImageIO.framework/Versions/A/Resources/libJP2.dylib
0x000000000428c000 	/System/Library/Frameworks/ImageIO.framework/Versions/A/Resources/libRadiance.dylib
0x000000000428c000 	/System/Library/Frameworks/CoreVideo.framework/Versions/A/CoreVideo
0x000000000428c000 	/System/Library/Frameworks/OpenGL.framework/Versions/A/Libraries/libGLU.dylib
0x000000000428c000 	/System/Library/Frameworks/OpenGL.framework/Versions/A/Libraries/libGFXShared.dylib
0x000000000428c000 	/System/Library/Frameworks/OpenGL.framework/Versions/A/Libraries/libGL.dylib
0x000000000428c000 	/System/Library/Frameworks/OpenGL.framework/Versions/A/Libraries/libGLImage.dylib
0x000000000428c000 	/System/Library/Frameworks/OpenGL.framework/Versions/A/Libraries/libCVMSPluginSupport.dylib
0x000000000428c000 	/System/Library/Frameworks/OpenGL.framework/Versions/A/Libraries/libCoreVMClient.dylib
0x000000000428c000 	/usr/lib/libcups.2.dylib
0x000000000428c000 	/System/Library/Frameworks/Kerberos.framework/Versions/A/Kerberos
0x000000000428c000 	/System/Library/Frameworks/GSS.framework/Versions/A/GSS
0x000000000428c000 	/usr/lib/libresolv.9.dylib
0x000000000428c000 	/usr/lib/libiconv.2.dylib
0x000000000428c000 	/System/Library/PrivateFrameworks/Heimdal.framework/Versions/A/Heimdal
0x000000000428c000 	/usr/lib/libheimdal-asn1.dylib
0x000000000428c000 	/System/Library/Frameworks/OpenDirectory.framework/Versions/A/OpenDirectory
0x000000000428c000 	/System/Library/PrivateFrameworks/CommonAuth.framework/Versions/A/CommonAuth
0x000000000428c000 	/System/Library/Frameworks/OpenDirectory.framework/Versions/A/Frameworks/CFOpenDirectory.framework/Versions/A/CFOpenDirectory
0x000000000428c000 	/System/Library/Frameworks/SecurityFoundation.framework/Versions/A/SecurityFoundation
0x000000000428c000 	/System/Library/PrivateFrameworks/LanguageModeling.framework/Versions/A/LanguageModeling
0x000000000428c000 	/usr/lib/libcmph.dylib
0x000000000428c000 	/System/Library/Frameworks/ServiceManagement.framework/Versions/A/ServiceManagement
0x000000000428c000 	/usr/lib/libxslt.1.dylib
0x000000000428c000 	/System/Library/Frameworks/Carbon.framework/Versions/A/Frameworks/Ink.framework/Versions/A/Ink
0x000000000428c000 	/System/Library/Frameworks/QuartzCore.framework/Versions/A/Frameworks/CoreImage.framework/Versions/A/CoreImage
0x000000000428c000 	/System/Library/PrivateFrameworks/CrashReporterSupport.framework/Versions/A/CrashReporterSupport
0x000000000428c000 	/System/Library/Frameworks/OpenCL.framework/Versions/A/OpenCL
0x000000000428c000 	/System/Library/PrivateFrameworks/FaceCore.framework/Versions/A/FaceCore
0x000000000428c000 	/System/Library/PrivateFrameworks/Ubiquity.framework/Versions/A/Ubiquity
0x000000000428c000 	/System/Library/PrivateFrameworks/IconServices.framework/Versions/A/IconServices
0x000000000428c000 	/System/Library/PrivateFrameworks/ChunkingLibrary.framework/Versions/A/ChunkingLibrary
0x000000000428c000 	/System/Library/PrivateFrameworks/Apple80211.framework/Versions/A/Apple80211
0x000000000428c000 	/System/Library/Frameworks/CoreWLAN.framework/Versions/A/CoreWLAN
0x000000000428c000 	/System/Library/Frameworks/IOBluetooth.framework/Versions/A/IOBluetooth
0x000000000428c000 	/System/Library/PrivateFrameworks/CoreWiFi.framework/Versions/A/CoreWiFi
0x000000000428c000 	/System/Library/Frameworks/CoreBluetooth.framework/Versions/A/CoreBluetooth
0x000000000428c000 	/System/Library/PrivateFrameworks/DebugSymbols.framework/Versions/A/DebugSymbols
0x000000000428c000 	/System/Library/PrivateFrameworks/CoreSymbolication.framework/Versions/A/CoreSymbolication
0x000000000428c000 	/System/Library/PrivateFrameworks/Symbolication.framework/Versions/A/Symbolication
0x000000000428c000 	/System/Library/PrivateFrameworks/SpeechRecognitionCore.framework/Versions/A/SpeechRecognitionCore
0x000000010b381000 	/Library/Java/JavaVirtualMachines/jdk1.8.0_25.jdk/Contents/Home/jre/lib/server/libjvm.dylib
0x000000000428c000 	/usr/lib/libstdc++.6.dylib
0x000000010c3b7000 	/Library/Java/JavaVirtualMachines/jdk1.8.0_25.jdk/Contents/Home/jre/lib/libverify.dylib
0x000000010c3c5000 	/Library/Java/JavaVirtualMachines/jdk1.8.0_25.jdk/Contents/Home/jre/lib/libjava.dylib
0x000000010cc00000 	/Library/Java/JavaVirtualMachines/jdk1.8.0_25.jdk/Contents/Home/jre/lib/libjdwp.dylib
0x000000010c3fa000 	/Library/Java/JavaVirtualMachines/jdk1.8.0_25.jdk/Contents/Home/jre/lib/libnpt.dylib
0x000000010cc53000 	/Library/Java/JavaVirtualMachines/jdk1.8.0_25.jdk/Contents/Home/jre/lib/libzip.dylib
0x0000000120767000 	/System/Library/Frameworks/JavaVM.framework/Frameworks/JavaRuntimeSupport.framework/JavaRuntimeSupport
0x000000012077f000 	/System/Library/Frameworks/JavaVM.framework/Versions/A/Frameworks/JavaNativeFoundation.framework/Versions/A/JavaNativeFoundation
0x0000000120794000 	/System/Library/Frameworks/JavaVM.framework/Versions/A/JavaVM
0x000000000428c000 	/System/Library/Frameworks/Carbon.framework/Versions/A/Carbon
0x00000001207a1000 	/System/Library/PrivateFrameworks/JavaLaunching.framework/Versions/A/JavaLaunching
0x000000000428c000 	/System/Library/Frameworks/Carbon.framework/Versions/A/Frameworks/CommonPanels.framework/Versions/A/CommonPanels
0x000000000428c000 	/System/Library/Frameworks/Carbon.framework/Versions/A/Frameworks/Help.framework/Versions/A/Help
0x000000000428c000 	/System/Library/Frameworks/Carbon.framework/Versions/A/Frameworks/ImageCapture.framework/Versions/A/ImageCapture
0x000000000428c000 	/System/Library/Frameworks/Carbon.framework/Versions/A/Frameworks/OpenScripting.framework/Versions/A/OpenScripting
0x000000000428c000 	/System/Library/Frameworks/Carbon.framework/Versions/A/Frameworks/Print.framework/Versions/A/Print
0x000000000428c000 	/System/Library/Frameworks/Carbon.framework/Versions/A/Frameworks/SecurityHI.framework/Versions/A/SecurityHI
0x000000012202e000 	/Library/Java/JavaVirtualMachines/jdk1.8.0_25.jdk/Contents/Home/jre/lib/libdt_socket.dylib
0x000000012299d000 	/Library/Java/JavaVirtualMachines/jdk1.8.0_25.jdk/Contents/Home/jre/lib/libnet.dylib
0x00000001229fc000 	/Library/Java/JavaVirtualMachines/jdk1.8.0_25.jdk/Contents/Home/jre/lib/libnio.dylib

VM Arguments:
jvm_args: -agentlib:jdwp=transport=dt_socket,address=127.0.0.1:50617,suspend=y,server=n -Dfile.encoding=UTF-8 
java_command: Main -p1 graph.txt
java_class_path (initial): /Library/Java/JavaVirtualMachines/jdk1.8.0_25.jdk/Contents/Home/lib/ant-javafx.jar:/Library/Java/JavaVirtualMachines/jdk1.8.0_25.jdk/Contents/Home/lib/dt.jar:/Library/Java/JavaVirtualMachines/jdk1.8.0_25.jdk/Contents/Home/lib/javafx-mx.jar:/Library/Java/JavaVirtualMachines/jdk1.8.0_25.jdk/Contents/Home/lib/jconsole.jar:/Library/Java/JavaVirtualMachines/jdk1.8.0_25.jdk/Contents/Home/lib/sa-jdi.jar:/Library/Java/JavaVirtualMachines/jdk1.8.0_25.jdk/Contents/Home/lib/tools.jar:/Library/Java/JavaVirtualMachines/jdk1.8.0_25.jdk/Contents/Home/jre/lib/charsets.jar:/Library/Java/JavaVirtualMachines/jdk1.8.0_25.jdk/Contents/Home/jre/lib/deploy.jar:/Library/Java/JavaVirtualMachines/jdk1.8.0_25.jdk/Contents/Home/jre/lib/javaws.jar:/Library/Java/JavaVirtualMachines/jdk1.8.0_25.jdk/Contents/Home/jre/lib/jce.jar:/Library/Java/JavaVirtualMachines/jdk1.8.0_25.jdk/Contents/Home/jre/lib/jfr.jar:/Library/Java/JavaVirtualMachines/jdk1.8.0_25.jdk/Contents/Home/jre/lib/jfxswt.jar:/Library/Java/JavaVirtualMachines/jdk1.8.0_25.jdk/Contents/Home/jre/lib/jsse.jar:/Library/Java/JavaVirtualMachines/jdk1.8.0_25.jdk/Contents/Home/jre/lib/management-agent.jar:/Library/Java/JavaVirtualMachines/jdk1.8.0_25.jdk/Contents/Home/jre/lib/plugin.jar:/Library/Java/JavaVirtualMachines/jdk1.8.0_25.jdk/Contents/Home/jre/lib/resources.jar:/Library/Java/JavaVirtualMachines/jdk1.8.0_25.jdk/Contents/Home/jre/lib/rt.jar:/Library/Java/JavaVirtualMachines/jdk1.8.0_25.jdk/Contents/Home/jre/lib/ext/cldrdata.jar:/Library/Java/JavaVirtualMachines/jdk1.8.0_25.jdk/Contents/Home/jre/lib/ext/dnsns.jar:/Library/Java/JavaVirtualMachines/jdk1.8.0_25.jdk/Contents/Home/jre/lib/ext/jfxrt.jar:/Library/Java/JavaVirtualMachines/jdk1.8.0_25.jdk/Contents/Home/jre/lib/ext/localedata.jar:/Library/Java/JavaVirtualMachines/jdk1.8.0_25.jdk/Contents/Home/jre/lib/ext/nashorn.jar:/Library/Java/JavaVirtualMachines/jdk1.8.0_25.jdk/Contents/Home/jre/lib/ext/sunec.jar:/Library/Java/JavaVirtualMachines/jdk1.8.0_25.jdk/C
Launcher Type: SUN_STANDARD

Environment Variables:
PATH=/usr/local/bin:/usr/bin:/bin:/usr/sbin:/sbin:/usr/local/git/bin
SHELL=/bin/bash

Signal Handlers:
SIGSEGV: [libjvm.dylib+0x579dc7], sa_mask[0]=11111111011111110111111111111111, sa_flags=SA_ONSTACK|SA_RESTART|SA_SIGINFO
SIGBUS: [libjvm.dylib+0x579dc7], sa_mask[0]=11111111011111110111111111111111, sa_flags=SA_RESTART|SA_SIGINFO
SIGFPE: [libjvm.dylib+0x45b030], sa_mask[0]=11111111011111110111111111111111, sa_flags=SA_RESTART|SA_SIGINFO
SIGPIPE: [libjvm.dylib+0x45b030], sa_mask[0]=11111111011111110111111111111111, sa_flags=SA_RESTART|SA_SIGINFO
SIGXFSZ: [libjvm.dylib+0x45b030], sa_mask[0]=11111111011111110111111111111111, sa_flags=SA_RESTART|SA_SIGINFO
SIGILL: [libjvm.dylib+0x45b030], sa_mask[0]=11111111011111110111111111111111, sa_flags=SA_RESTART|SA_SIGINFO
SIGUSR1: SIG_DFL, sa_mask[0]=00000000000000000000000000000000, sa_flags=none
SIGUSR2: [libjvm.dylib+0x45ab4e], sa_mask[0]=00100000000000000000000000000000, sa_flags=SA_RESTART|SA_SIGINFO
SIGHUP: [libjvm.dylib+0x459121], sa_mask[0]=11111111011111110111111111111111, sa_flags=SA_RESTART|SA_SIGINFO
SIGINT: [libjvm.dylib+0x459121], sa_mask[0]=11111111011111110111111111111111, sa_flags=SA_RESTART|SA_SIGINFO
SIGTERM: [libjvm.dylib+0x459121], sa_mask[0]=11111111011111110111111111111111, sa_flags=SA_RESTART|SA_SIGINFO
SIGQUIT: [libjvm.dylib+0x459121], sa_mask[0]=11111111011111110111111111111111, sa_flags=SA_RESTART|SA_SIGINFO


---------------  S Y S T E M  ---------------

OS:Bsduname:Darwin 14.1.0 Darwin Kernel Version 14.1.0: Mon Dec 22 23:10:38 PST 2014; root:xnu-2782.10.72~2/RELEASE_X86_64 x86_64
rlimit: STACK 8192k, CORE 0k, NPROC 709, NOFILE 10240, AS infinity
load average:3.94 3.87 4.02

CPU:total 4 (2 cores per cpu, 2 threads per core) family 6 model 58 stepping 9, cmov, cx8, fxsr, mmx, sse, sse2, sse3, ssse3, sse4.1, sse4.2, popcnt, avx, aes, clmul, erms, ht, tsc, tscinvbit, tscinv

Memory: 4k page, physical 4194304k(180644k free)

/proc/meminfo:


vm_info: Java HotSpot(TM) 64-Bit Server VM (25.25-b02) for bsd-amd64 JRE (1.8.0_25-b17), built on Sep 17 2014 16:56:50 by "java_re" with gcc 4.2.1 (Based on Apple Inc. build 5658) (LLVM build 2336.11.00)

time: Tue Feb 17 11:27:04 2015
elapsed time: 6715 seconds (0d 1h 51m 55s)

