#
# A fatal error has been detected by the Java Runtime Environment:
#
#  SIGSEGV (0xb) at pc=0x0000000108e232be, pid=4304, tid=16643
#
# JRE version: Java(TM) SE Runtime Environment (8.0_25-b17) (build 1.8.0_25-b17)
# Java VM: Java HotSpot(TM) 64-Bit Server VM (25.25-b02 mixed mode bsd-amd64 compressed oops)
# Problematic frame:
# V  [libjvm.dylib+0x4232be]
#
# Failed to write core dump. Core dumps have been disabled. To enable core dumping, try "ulimit -c unlimited" before starting Java again
#
# If you would like to submit a bug report, please visit:
#   http://bugreport.sun.com/bugreport/crash.jsp
#

---------------  T H R E A D  ---------------

Current thread (0x00007fb02a03a000):  JavaThread "JDWP Transport Listener: dt_socket" daemon [_thread_in_vm, id=16643, stack(0x000000019ef8f000,0x000000019f08f000)]

siginfo: si_signo: 11 (SIGSEGV), si_code: 1 (SEGV_MAPERR), si_addr: 0x000000000000000d

Registers:
RAX=0x0000000000000001, RBX=0x000000000000000d, RCX=0x00000001091d6c80, RDX=0x000000019f08ea8b
RSP=0x000000019f08e9d0, RBP=0x000000019f08e9e0, RSI=0x00007fb02a03a000, RDI=0x00007fb028e1def0
R8 =0x0000000000000000, R9 =0x00007fb028e00000, R10=0x0000000000000010, R11=0x00007fb028e00000
R12=0x00007fb02a03a000, R13=0x00007fb028e1def0, R14=0x00007fb028e1def0, R15=0x00007fb028d1aaa0
RIP=0x0000000108e232be, EFLAGS=0x0000000000010283, ERR=0x0000000000000004
  TRAPNO=0x000000000000000e

Top of Stack: (sp=0x000000019f08e9d0)
0x000000019f08e9d0:   000000019f08ea8b 000000019f08ea8b
0x000000019f08e9e0:   000000019f08ea40 0000000108d3526e
0x000000019f08e9f0:   00007fb02a03a000 0000000000000000
0x000000019f08ea00:   0000000000000000 0000000000000000
0x000000019f08ea10:   00007fb02a03a000 00007fb02a03a000
0x000000019f08ea20:   000000019f08ea8b 000000019f08ea90
0x000000019f08ea30:   00007fb028e1def0 0000000000000005
0x000000019f08ea40:   000000019f08ea60 00000001081d47dc
0x000000019f08ea50:   0000000000000001 000000019f08eb08
0x000000019f08ea60:   000000019f08ead0 00000001081b9263
0x000000019f08ea70:   000000019f08eaa0 00007fb028e25f20
0x000000019f08ea80:   0000000700000032 0000000a0008eb08
0x000000019f08ea90:   0000000000000000 0000000000000000
0x000000019f08eaa0:   0000000000000000 000000019f08ec90
0x000000019f08eab0:   00000001081dbeca 00007fb028e26de0
0x000000019f08eac0:   000000019f08eb08 00000001081e7588
0x000000019f08ead0:   000000019f08eae0 00000001081b935c
0x000000019f08eae0:   000000019f08ed00 00000001081c28f6
0x000000019f08eaf0:   00018c5900000013 00000000000f0200
0x000000019f08eb00:   00007fb028e25e10 00007fb028e1df86
0x000000019f08eb10:   00007fb000000232 00007fb028e1f040
0x000000019f08eb20:   00007fb00000012c 000000019f08eb58
0x000000019f08eb30:   00007fb028e1f040 00007f0000000000
0x000000019f08eb40:   00018c590000000f 00007fff00002f80
0x000000019f08eb50:   000000019f08eb58 b07f000007000000
0x000000019f08eb60:   1d000000802fc228 6f46686372616573
0x000000019f08eb70:   69577365646f4e72 686769654e586874
0x000000019f08eb80:   0000007372756f62 68706172474c2819
0x000000019f08eb90:   6176616a4c29493b 65532f6c6974752f
0x000000019f08eba0:   4c28210000003b74 29493b6870617247
0x000000019f08ebb0:   74752f6176616a4c 4c3c7465532f6c69
0x000000019f08ebc0:   003b3e3b65646f4e 28b07f00000a0000 

Instructions: (pc=0x0000000108e232be)
0x0000000108e2329e:   31 c0 5d c3 55 48 89 e5 53 48 83 ec 08 48 85 ff
0x0000000108e232ae:   74 24 48 8b 1f 48 85 db 74 1c 48 83 fb 37 74 16
0x0000000108e232be:   48 8b 03 48 89 df ff 50 10 84 c0 b8 00 00 00 00
0x0000000108e232ce:   48 0f 45 c3 eb 02 31 c0 48 83 c4 08 5b 5d c3 90 

Register to memory mapping:

RAX=0x0000000000000001 is an unknown value
RBX=0x000000000000000d is an unknown value
RCX=0x00000001091d6c80: UseMembar+0 in /Library/Java/JavaVirtualMachines/jdk1.8.0_25.jdk/Contents/Home/jre/lib/server/libjvm.dylib at 0x0000000108a00000
RDX=0x000000019f08ea8b is pointing into the stack for thread: 0x00007fb02a03a000
RSP=0x000000019f08e9d0 is pointing into the stack for thread: 0x00007fb02a03a000
RBP=0x000000019f08e9e0 is pointing into the stack for thread: 0x00007fb02a03a000
RSI=0x00007fb02a03a000 is a thread
RDI=0x00007fb028e1def0 is an unknown value
R8 =0x0000000000000000 is an unknown value
R9 =0x00007fb028e00000 is an unknown value
R10=0x0000000000000010 is an unknown value
R11=0x00007fb028e00000 is an unknown value
R12=0x00007fb02a03a000 is a thread
R13=0x00007fb028e1def0 is an unknown value
R14=0x00007fb028e1def0 is an unknown value
R15=0x00007fb028d1aaa0 is an unknown value


Stack: [0x000000019ef8f000,0x000000019f08f000],  sp=0x000000019f08e9d0,  free space=1022k
Native frames: (J=compiled Java code, j=interpreted, Vv=VM code, C=native code)
V  [libjvm.dylib+0x4232be]
V  [libjvm.dylib+0x33526e]
C  [libjdwp.dylib+0x207dc]  isMethodSynthetic+0x63
C  [libjdwp.dylib+0x5263]  methods1+0x10b
C  [libjdwp.dylib+0x535c]  methodsWithGeneric+0xe
C  [libjdwp.dylib+0xe8f6]  debugLoop_run+0x1ce
C  [libjdwp.dylib+0x1f716]  attachThread+0x4d
V  [libjvm.dylib+0x3762ce]
V  [libjvm.dylib+0x535ed9]
V  [libjvm.dylib+0x53761c]
V  [libjvm.dylib+0x45d87e]
C  [libsystem_pthread.dylib+0x3268]  _pthread_body+0x83
C  [libsystem_pthread.dylib+0x31e5]  _pthread_body+0x0
C  [libsystem_pthread.dylib+0x141d]  thread_start+0xd
C  0x0000000000000000


---------------  P R O C E S S  ---------------

Java Threads: ( => current thread )
  0x00007fb029814000 JavaThread "Service Thread" daemon [_thread_blocked, id=19715, stack(0x000000019f5a1000,0x000000019f6a1000)]
  0x00007fb029020000 JavaThread "C1 CompilerThread2" daemon [_thread_blocked, id=19203, stack(0x000000019f49e000,0x000000019f59e000)]
  0x00007fb02a821800 JavaThread "C2 CompilerThread1" daemon [_thread_blocked, id=18691, stack(0x000000019f39b000,0x000000019f49b000)]
  0x00007fb029821000 JavaThread "C2 CompilerThread0" daemon [_thread_blocked, id=18179, stack(0x000000019f298000,0x000000019f398000)]
  0x00007fb02901f800 JavaThread "JDWP Command Reader" daemon [_thread_in_native, id=17667, stack(0x000000019f195000,0x000000019f295000)]
  0x00007fb02901a800 JavaThread "JDWP Event Helper Thread" daemon [_thread_blocked, id=17155, stack(0x000000019f092000,0x000000019f192000)]
=>0x00007fb02a03a000 JavaThread "JDWP Transport Listener: dt_socket" daemon [_thread_in_vm, id=16643, stack(0x000000019ef8f000,0x000000019f08f000)]
  0x00007fb02a80b800 JavaThread "Signal Dispatcher" daemon [_thread_blocked, id=13331, stack(0x000000019ee8c000,0x000000019ef8c000)]
  0x00007fb02a800000 JavaThread "Finalizer" daemon [_thread_blocked, id=11523, stack(0x000000019d546000,0x000000019d646000)]
  0x00007fb02980b000 JavaThread "Reference Handler" daemon [_thread_blocked, id=11011, stack(0x000000019d443000,0x000000019d543000)]
  0x00007fb02a004800 JavaThread "main" [_thread_blocked, id=4867, stack(0x000000010806f000,0x000000010816f000)]

Other Threads:
  0x00007fb02a053800 VMThread [stack: 0x000000019d340000,0x000000019d440000] [id=10499]
  0x00007fb029865000 WatcherThread [stack: 0x000000019f6a4000,0x000000019f7a4000] [id=20227]

VM state:not at safepoint (normal execution)

VM Mutex/Monitor currently owned by a thread: None

Heap:
 PSYoungGen      total 18944K, used 2965K [0x0000000143b00000, 0x0000000145000000, 0x0000000159000000)
  eden space 16384K, 18% used [0x0000000143b00000,0x0000000143de56e0,0x0000000144b00000)
  from space 2560K, 0% used [0x0000000144d80000,0x0000000144d80000,0x0000000145000000)
  to   space 2560K, 0% used [0x0000000144b00000,0x0000000144b00000,0x0000000144d80000)
 ParOldGen       total 44032K, used 0K [0x0000000119000000, 0x000000011bb00000, 0x0000000143b00000)
  object space 44032K, 0% used [0x0000000119000000,0x0000000119000000,0x000000011bb00000)
 Metaspace       used 3749K, capacity 4704K, committed 4864K, reserved 1056768K
  class space    used 421K, capacity 464K, committed 512K, reserved 1048576K

Card table byte_map: [0x0000000159000000,0x0000000159201000] byte_map_base: 0x0000000158738000

Marking Bits: (ParMarkBitMap*) 0x000000010929d390
 Begin Bits: [0x0000000159660000, 0x000000015a660000)
 End Bits:   [0x000000015a660000, 0x000000015b660000)

Polling page: 0x00000001081b3000

CodeCache: size=245760Kb used=1377Kb max_used=1377Kb free=244382Kb
 bounds [0x0000000109931000, 0x0000000109ba1000, 0x0000000118931000]
 total_blobs=400 nmethods=153 adapters=170
 compilation: enabled

Compilation events (10 events):
Event: 0.324 Thread 0x00007fb029020000  145       1       java.lang.Integer::intValue (5 bytes)
Event: 0.324 Thread 0x00007fb029020000 nmethod 145 0x0000000109a7e510 code [0x0000000109a7e660, 0x0000000109a7e770]
Event: 0.324 Thread 0x00007fb029020000  149       3       java.lang.Integer::valueOf (32 bytes)
Event: 0.325 Thread 0x00007fb029020000 nmethod 149 0x0000000109a7de90 code [0x0000000109a7e020, 0x0000000109a7e370]
Event: 0.325 Thread 0x00007fb029020000  150       3       java.lang.Integer::valueOf (10 bytes)
Event: 0.325 Thread 0x00007fb029020000 nmethod 150 0x0000000109a87890 code [0x0000000109a87a20, 0x0000000109a87e28]
Event: 0.325 Thread 0x00007fb029020000  151       3       java.lang.Number::<init> (5 bytes)
Event: 0.325 Thread 0x00007fb029020000 nmethod 151 0x0000000109a7dad0 code [0x0000000109a7dc40, 0x0000000109a7ddf0]
Event: 0.325 Thread 0x00007fb029020000  152       3       java.lang.Integer::<init> (10 bytes)
Event: 0.325 Thread 0x00007fb029020000 nmethod 152 0x0000000109a87410 code [0x0000000109a87580, 0x0000000109a87790]

GC Heap History (0 events):
No events

Deoptimization events (0 events):
No events

Internal exceptions (10 events):
Event: 0.237 Thread 0x00007fb02a004800 Exception <a 'java/security/PrivilegedActionException'> (0x0000000143d1ca50) thrown at [/HUDSON3/workspace/8-2-build-macosx-x86_64/jdk8u25/1514/hotspot/src/share/vm/prims/jvm.cpp, line 1312]
Event: 0.239 Thread 0x00007fb02a004800 Exception <a 'java/security/PrivilegedActionException'> (0x0000000143d1ff08) thrown at [/HUDSON3/workspace/8-2-build-macosx-x86_64/jdk8u25/1514/hotspot/src/share/vm/prims/jvm.cpp, line 1312]
Event: 0.274 Thread 0x00007fb02a004800 Exception <a 'java/security/PrivilegedActionException'> (0x0000000143d49580) thrown at [/HUDSON3/workspace/8-2-build-macosx-x86_64/jdk8u25/1514/hotspot/src/share/vm/prims/jvm.cpp, line 1312]
Event: 0.274 Thread 0x00007fb02a004800 Exception <a 'java/security/PrivilegedActionException'> (0x0000000143d498c8) thrown at [/HUDSON3/workspace/8-2-build-macosx-x86_64/jdk8u25/1514/hotspot/src/share/vm/prims/jvm.cpp, line 1312]
Event: 0.274 Thread 0x00007fb02a004800 Exception <a 'java/security/PrivilegedActionException'> (0x0000000143d4cc48) thrown at [/HUDSON3/workspace/8-2-build-macosx-x86_64/jdk8u25/1514/hotspot/src/share/vm/prims/jvm.cpp, line 1312]
Event: 0.274 Thread 0x00007fb02a004800 Exception <a 'java/security/PrivilegedActionException'> (0x0000000143d4cf90) thrown at [/HUDSON3/workspace/8-2-build-macosx-x86_64/jdk8u25/1514/hotspot/src/share/vm/prims/jvm.cpp, line 1312]
Event: 0.289 Thread 0x00007fb02a004800 Exception <a 'java/security/PrivilegedActionException'> (0x0000000143d64e30) thrown at [/HUDSON3/workspace/8-2-build-macosx-x86_64/jdk8u25/1514/hotspot/src/share/vm/prims/jvm.cpp, line 1312]
Event: 0.290 Thread 0x00007fb02a004800 Exception <a 'java/security/PrivilegedActionException'> (0x0000000143d6a828) thrown at [/HUDSON3/workspace/8-2-build-macosx-x86_64/jdk8u25/1514/hotspot/src/share/vm/prims/jvm.cpp, line 1312]
Event: 0.301 Thread 0x00007fb02a004800 Exception <a 'java/security/PrivilegedActionException'> (0x0000000143d74de8) thrown at [/HUDSON3/workspace/8-2-build-macosx-x86_64/jdk8u25/1514/hotspot/src/share/vm/prims/jvm.cpp, line 1312]
Event: 0.313 Thread 0x00007fb02a004800 Exception <a 'java/security/PrivilegedActionException'> (0x0000000143dac218) thrown at [/HUDSON3/workspace/8-2-build-macosx-x86_64/jdk8u25/1514/hotspot/src/share/vm/prims/jvm.cpp, line 1312]

Events (10 events):
Event: 404.009 Executing VM operation: ChangeBreakpoints
Event: 404.009 Executing VM operation: ChangeBreakpoints done
Event: 479.431 Executing VM operation: ChangeBreakpoints
Event: 479.431 Executing VM operation: ChangeBreakpoints done
Event: 530.781 Executing VM operation: RedefineClasses
Event: 530.783 Executing VM operation: RedefineClasses done
Event: 809.689 Executing VM operation: RedefineClasses
Event: 809.690 Executing VM operation: RedefineClasses done
Event: 5054.160 Executing VM operation: RedefineClasses
Event: 5054.168 Executing VM operation: RedefineClasses done


Dynamic libraries:
0x000000000428c000 	/System/Library/Frameworks/Cocoa.framework/Versions/A/Cocoa
0x000000000428c000 	/System/Library/Frameworks/Security.framework/Versions/A/Security
0x000000000428c000 	/System/Library/Frameworks/ApplicationServices.framework/Versions/A/ApplicationServices
0x000000000428c000 	/usr/lib/libz.1.dylib
0x000000000428c000 	/usr/lib/libSystem.B.dylib
0x000000000428c000 	/usr/lib/libobjc.A.dylib
0x000000000428c000 	/System/Library/Frameworks/CoreFoundation.framework/Versions/A/CoreFoundation
0x000000000428c000 	/System/Library/Frameworks/Foundation.framework/Versions/C/Foundation
0x000000000428c000 	/System/Library/Frameworks/AppKit.framework/Versions/C/AppKit
0x000000000428c000 	/System/Library/Frameworks/CoreData.framework/Versions/A/CoreData
0x000000000428c000 	/System/Library/PrivateFrameworks/RemoteViewServices.framework/Versions/A/RemoteViewServices
0x000000000428c000 	/System/Library/PrivateFrameworks/UIFoundation.framework/Versions/A/UIFoundation
0x000000000428c000 	/System/Library/Frameworks/IOSurface.framework/Versions/A/IOSurface
0x000000000428c000 	/System/Library/Frameworks/AudioToolbox.framework/Versions/A/AudioToolbox
0x000000000428c000 	/System/Library/Frameworks/AudioUnit.framework/Versions/A/AudioUnit
0x000000000428c000 	/System/Library/PrivateFrameworks/DataDetectorsCore.framework/Versions/A/DataDetectorsCore
0x000000000428c000 	/System/Library/PrivateFrameworks/DesktopServicesPriv.framework/Versions/A/DesktopServicesPriv
0x000000000428c000 	/System/Library/Frameworks/Carbon.framework/Versions/A/Frameworks/HIToolbox.framework/Versions/A/HIToolbox
0x000000000428c000 	/System/Library/Frameworks/QuartzCore.framework/Versions/A/QuartzCore
0x000000000428c000 	/System/Library/Frameworks/Carbon.framework/Versions/A/Frameworks/SpeechRecognition.framework/Versions/A/SpeechRecognition
0x000000000428c000 	/usr/lib/libauto.dylib
0x000000000428c000 	/usr/lib/libicucore.A.dylib
0x000000000428c000 	/usr/lib/libxml2.2.dylib
0x000000000428c000 	/System/Library/PrivateFrameworks/CoreUI.framework/Versions/A/CoreUI
0x000000000428c000 	/System/Library/Frameworks/CoreAudio.framework/Versions/A/CoreAudio
0x000000000428c000 	/System/Library/Frameworks/DiskArbitration.framework/Versions/A/DiskArbitration
0x000000000428c000 	/usr/lib/liblangid.dylib
0x000000000428c000 	/System/Library/PrivateFrameworks/MultitouchSupport.framework/Versions/A/MultitouchSupport
0x000000000428c000 	/System/Library/Frameworks/IOKit.framework/Versions/A/IOKit
0x000000000428c000 	/usr/lib/libDiagnosticMessagesClient.dylib
0x000000000428c000 	/System/Library/Frameworks/CoreServices.framework/Versions/A/CoreServices
0x000000000428c000 	/System/Library/PrivateFrameworks/PerformanceAnalysis.framework/Versions/A/PerformanceAnalysis
0x000000000428c000 	/System/Library/PrivateFrameworks/GenerationalStorage.framework/Versions/A/GenerationalStorage
0x000000000428c000 	/System/Library/Frameworks/OpenGL.framework/Versions/A/OpenGL
0x000000000428c000 	/System/Library/PrivateFrameworks/Sharing.framework/Versions/A/Sharing
0x000000000428c000 	/System/Library/Frameworks/CoreGraphics.framework/Versions/A/CoreGraphics
0x000000000428c000 	/System/Library/Frameworks/CoreText.framework/Versions/A/CoreText
0x000000000428c000 	/System/Library/Frameworks/ImageIO.framework/Versions/A/ImageIO
0x000000000428c000 	/usr/lib/libextension.dylib
0x000000000428c000 	/System/Library/PrivateFrameworks/Backup.framework/Versions/A/Backup
0x000000000428c000 	/usr/lib/libarchive.2.dylib
0x000000000428c000 	/System/Library/Frameworks/CFNetwork.framework/Versions/A/CFNetwork
0x000000000428c000 	/System/Library/Frameworks/SystemConfiguration.framework/Versions/A/SystemConfiguration
0x000000000428c000 	/usr/lib/libCRFSuite.dylib
0x000000000428c000 	/usr/lib/libc++.1.dylib
0x000000000428c000 	/usr/lib/libc++abi.dylib
0x000000000428c000 	/usr/lib/system/libcache.dylib
0x000000000428c000 	/usr/lib/system/libcommonCrypto.dylib
0x000000000428c000 	/usr/lib/system/libcompiler_rt.dylib
0x000000000428c000 	/usr/lib/system/libcopyfile.dylib
0x000000000428c000 	/usr/lib/system/libcorecrypto.dylib
0x000000000428c000 	/usr/lib/system/libdispatch.dylib
0x000000000428c000 	/usr/lib/system/libdyld.dylib
0x000000000428c000 	/usr/lib/system/libkeymgr.dylib
0x000000000428c000 	/usr/lib/system/liblaunch.dylib
0x000000000428c000 	/usr/lib/system/libmacho.dylib
0x000000000428c000 	/usr/lib/system/libquarantine.dylib
0x000000000428c000 	/usr/lib/system/libremovefile.dylib
0x000000000428c000 	/usr/lib/system/libsystem_asl.dylib
0x000000000428c000 	/usr/lib/system/libsystem_blocks.dylib
0x000000000428c000 	/usr/lib/system/libsystem_c.dylib
0x000000000428c000 	/usr/lib/system/libsystem_configuration.dylib
0x000000000428c000 	/usr/lib/system/libsystem_coreservices.dylib
0x000000000428c000 	/usr/lib/system/libsystem_coretls.dylib
0x000000000428c000 	/usr/lib/system/libsystem_dnssd.dylib
0x000000000428c000 	/usr/lib/system/libsystem_info.dylib
0x000000000428c000 	/usr/lib/system/libsystem_kernel.dylib
0x000000000428c000 	/usr/lib/system/libsystem_m.dylib
0x000000000428c000 	/usr/lib/system/libsystem_malloc.dylib
0x000000000428c000 	/usr/lib/system/libsystem_network.dylib
0x000000000428c000 	/usr/lib/system/libsystem_networkextension.dylib
0x000000000428c000 	/usr/lib/system/libsystem_notify.dylib
0x000000000428c000 	/usr/lib/system/libsystem_platform.dylib
0x000000000428c000 	/usr/lib/system/libsystem_pthread.dylib
0x000000000428c000 	/usr/lib/system/libsystem_sandbox.dylib
0x000000000428c000 	/usr/lib/system/libsystem_secinit.dylib
0x000000000428c000 	/usr/lib/system/libsystem_stats.dylib
0x000000000428c000 	/usr/lib/system/libsystem_trace.dylib
0x000000000428c000 	/usr/lib/system/libunc.dylib
0x000000000428c000 	/usr/lib/system/libunwind.dylib
0x000000000428c000 	/usr/lib/system/libxpc.dylib
0x000000000428c000 	/usr/lib/libbz2.1.0.dylib
0x000000000428c000 	/usr/lib/liblzma.5.dylib
0x000000000428c000 	/usr/lib/libbsm.0.dylib
0x000000000428c000 	/usr/lib/libsqlite3.dylib
0x000000000428c000 	/usr/lib/system/libkxld.dylib
0x000000000428c000 	/usr/lib/libxar.1.dylib
0x000000000428c000 	/usr/lib/libpam.2.dylib
0x000000000428c000 	/usr/lib/libOpenScriptingUtil.dylib
0x000000000428c000 	/System/Library/Frameworks/CoreServices.framework/Versions/A/Frameworks/FSEvents.framework/Versions/A/FSEvents
0x000000000428c000 	/System/Library/Frameworks/CoreServices.framework/Versions/A/Frameworks/CarbonCore.framework/Versions/A/CarbonCore
0x000000000428c000 	/System/Library/Frameworks/CoreServices.framework/Versions/A/Frameworks/Metadata.framework/Versions/A/Metadata
0x000000000428c000 	/System/Library/Frameworks/CoreServices.framework/Versions/A/Frameworks/OSServices.framework/Versions/A/OSServices
0x000000000428c000 	/System/Library/Frameworks/CoreServices.framework/Versions/A/Frameworks/SearchKit.framework/Versions/A/SearchKit
0x000000000428c000 	/System/Library/Frameworks/CoreServices.framework/Versions/A/Frameworks/AE.framework/Versions/A/AE
0x000000000428c000 	/System/Library/Frameworks/CoreServices.framework/Versions/A/Frameworks/LaunchServices.framework/Versions/A/LaunchServices
0x000000000428c000 	/System/Library/Frameworks/CoreServices.framework/Versions/A/Frameworks/DictionaryServices.framework/Versions/A/DictionaryServices
0x000000000428c000 	/System/Library/Frameworks/NetFS.framework/Versions/A/NetFS
0x000000000428c000 	/System/Library/PrivateFrameworks/NetAuth.framework/Versions/A/NetAuth
0x000000000428c000 	/System/Library/PrivateFrameworks/login.framework/Versions/A/Frameworks/loginsupport.framework/Versions/A/loginsupport
0x000000000428c000 	/System/Library/PrivateFrameworks/TCC.framework/Versions/A/TCC
0x000000000428c000 	/usr/lib/libmecabra.dylib
0x000000000428c000 	/System/Library/Frameworks/ApplicationServices.framework/Versions/A/Frameworks/ATS.framework/Versions/A/ATS
0x000000000428c000 	/System/Library/Frameworks/ApplicationServices.framework/Versions/A/Frameworks/ColorSync.framework/Versions/A/ColorSync
0x000000000428c000 	/System/Library/Frameworks/ApplicationServices.framework/Versions/A/Frameworks/HIServices.framework/Versions/A/HIServices
0x000000000428c000 	/System/Library/Frameworks/ApplicationServices.framework/Versions/A/Frameworks/LangAnalysis.framework/Versions/A/LangAnalysis
0x000000000428c000 	/System/Library/Frameworks/ApplicationServices.framework/Versions/A/Frameworks/PrintCore.framework/Versions/A/PrintCore
0x000000000428c000 	/System/Library/Frameworks/ApplicationServices.framework/Versions/A/Frameworks/QD.framework/Versions/A/QD
0x000000000428c000 	/System/Library/Frameworks/ApplicationServices.framework/Versions/A/Frameworks/SpeechSynthesis.framework/Versions/A/SpeechSynthesis
0x000000000428c000 	/System/Library/Frameworks/Accelerate.framework/Versions/A/Accelerate
0x000000000428c000 	/System/Library/Frameworks/Accelerate.framework/Versions/A/Frameworks/vImage.framework/Versions/A/vImage
0x000000000428c000 	/System/Library/Frameworks/Accelerate.framework/Versions/A/Frameworks/vecLib.framework/Versions/A/vecLib
0x000000000428c000 	/System/Library/Frameworks/Accelerate.framework/Versions/A/Frameworks/vecLib.framework/Versions/A/libvDSP.dylib
0x000000000428c000 	/System/Library/Frameworks/Accelerate.framework/Versions/A/Frameworks/vecLib.framework/Versions/A/libvMisc.dylib
0x000000000428c000 	/System/Library/Frameworks/Accelerate.framework/Versions/A/Frameworks/vecLib.framework/Versions/A/libLAPACK.dylib
0x000000000428c000 	/System/Library/Frameworks/Accelerate.framework/Versions/A/Frameworks/vecLib.framework/Versions/A/libBLAS.dylib
0x000000000428c000 	/System/Library/Frameworks/Accelerate.framework/Versions/A/Frameworks/vecLib.framework/Versions/A/libLinearAlgebra.dylib
0x000000000428c000 	/System/Library/Frameworks/ApplicationServices.framework/Versions/A/Frameworks/ATS.framework/Versions/A/Resources/libFontParser.dylib
0x000000000428c000 	/System/Library/Frameworks/ApplicationServices.framework/Versions/A/Frameworks/ATS.framework/Versions/A/Resources/libFontRegistry.dylib
0x000000000428c000 	/System/Library/PrivateFrameworks/AppleVPA.framework/Versions/A/AppleVPA
0x000000000428c000 	/System/Library/PrivateFrameworks/AppleJPEG.framework/Versions/A/AppleJPEG
0x000000000428c000 	/System/Library/Frameworks/ImageIO.framework/Versions/A/Resources/libJPEG.dylib
0x000000000428c000 	/System/Library/Frameworks/ImageIO.framework/Versions/A/Resources/libTIFF.dylib
0x000000000428c000 	/System/Library/Frameworks/ImageIO.framework/Versions/A/Resources/libPng.dylib
0x000000000428c000 	/System/Library/Frameworks/ImageIO.framework/Versions/A/Resources/libGIF.dylib
0x000000000428c000 	/System/Library/Frameworks/ImageIO.framework/Versions/A/Resources/libJP2.dylib
0x000000000428c000 	/System/Library/Frameworks/ImageIO.framework/Versions/A/Resources/libRadiance.dylib
0x000000000428c000 	/System/Library/Frameworks/CoreVideo.framework/Versions/A/CoreVideo
0x000000000428c000 	/System/Library/Frameworks/OpenGL.framework/Versions/A/Libraries/libGLU.dylib
0x000000000428c000 	/System/Library/Frameworks/OpenGL.framework/Versions/A/Libraries/libGFXShared.dylib
0x000000000428c000 	/System/Library/Frameworks/OpenGL.framework/Versions/A/Libraries/libGL.dylib
0x000000000428c000 	/System/Library/Frameworks/OpenGL.framework/Versions/A/Libraries/libGLImage.dylib
0x000000000428c000 	/System/Library/Frameworks/OpenGL.framework/Versions/A/Libraries/libCVMSPluginSupport.dylib
0x000000000428c000 	/System/Library/Frameworks/OpenGL.framework/Versions/A/Libraries/libCoreVMClient.dylib
0x000000000428c000 	/usr/lib/libcups.2.dylib
0x000000000428c000 	/System/Library/Frameworks/Kerberos.framework/Versions/A/Kerberos
0x000000000428c000 	/System/Library/Frameworks/GSS.framework/Versions/A/GSS
0x000000000428c000 	/usr/lib/libresolv.9.dylib
0x000000000428c000 	/usr/lib/libiconv.2.dylib
0x000000000428c000 	/System/Library/PrivateFrameworks/Heimdal.framework/Versions/A/Heimdal
0x000000000428c000 	/usr/lib/libheimdal-asn1.dylib
0x000000000428c000 	/System/Library/Frameworks/OpenDirectory.framework/Versions/A/OpenDirectory
0x000000000428c000 	/System/Library/PrivateFrameworks/CommonAuth.framework/Versions/A/CommonAuth
0x000000000428c000 	/System/Library/Frameworks/OpenDirectory.framework/Versions/A/Frameworks/CFOpenDirectory.framework/Versions/A/CFOpenDirectory
0x000000000428c000 	/System/Library/Frameworks/SecurityFoundation.framework/Versions/A/SecurityFoundation
0x000000000428c000 	/System/Library/PrivateFrameworks/LanguageModeling.framework/Versions/A/LanguageModeling
0x000000000428c000 	/usr/lib/libcmph.dylib
0x000000000428c000 	/System/Library/Frameworks/ServiceManagement.framework/Versions/A/ServiceManagement
0x000000000428c000 	/usr/lib/libxslt.1.dylib
0x000000000428c000 	/System/Library/Frameworks/Carbon.framework/Versions/A/Frameworks/Ink.framework/Versions/A/Ink
0x000000000428c000 	/System/Library/Frameworks/QuartzCore.framework/Versions/A/Frameworks/CoreImage.framework/Versions/A/CoreImage
0x000000000428c000 	/System/Library/PrivateFrameworks/CrashReporterSupport.framework/Versions/A/CrashReporterSupport
0x000000000428c000 	/System/Library/Frameworks/OpenCL.framework/Versions/A/OpenCL
0x000000000428c000 	/System/Library/PrivateFrameworks/FaceCore.framework/Versions/A/FaceCore
0x000000000428c000 	/System/Library/PrivateFrameworks/Ubiquity.framework/Versions/A/Ubiquity
0x000000000428c000 	/System/Library/PrivateFrameworks/IconServices.framework/Versions/A/IconServices
0x000000000428c000 	/System/Library/PrivateFrameworks/ChunkingLibrary.framework/Versions/A/ChunkingLibrary
0x000000000428c000 	/System/Library/PrivateFrameworks/Apple80211.framework/Versions/A/Apple80211
0x000000000428c000 	/System/Library/Frameworks/CoreWLAN.framework/Versions/A/CoreWLAN
0x000000000428c000 	/System/Library/Frameworks/IOBluetooth.framework/Versions/A/IOBluetooth
0x000000000428c000 	/System/Library/PrivateFrameworks/CoreWiFi.framework/Versions/A/CoreWiFi
0x000000000428c000 	/System/Library/Frameworks/CoreBluetooth.framework/Versions/A/CoreBluetooth
0x000000000428c000 	/System/Library/PrivateFrameworks/DebugSymbols.framework/Versions/A/DebugSymbols
0x000000000428c000 	/System/Library/PrivateFrameworks/CoreSymbolication.framework/Versions/A/CoreSymbolication
0x000000000428c000 	/System/Library/PrivateFrameworks/Symbolication.framework/Versions/A/Symbolication
0x000000000428c000 	/System/Library/PrivateFrameworks/SpeechRecognitionCore.framework/Versions/A/SpeechRecognitionCore
0x0000000108a00000 	/Library/Java/JavaVirtualMachines/jdk1.8.0_25.jdk/Contents/Home/jre/lib/server/libjvm.dylib
0x000000000428c000 	/usr/lib/libstdc++.6.dylib
0x0000000108171000 	/Library/Java/JavaVirtualMachines/jdk1.8.0_25.jdk/Contents/Home/jre/lib/libverify.dylib
0x000000010817f000 	/Library/Java/JavaVirtualMachines/jdk1.8.0_25.jdk/Contents/Home/jre/lib/libjava.dylib
0x00000001081b4000 	/Library/Java/JavaVirtualMachines/jdk1.8.0_25.jdk/Contents/Home/jre/lib/libjdwp.dylib
0x000000010991c000 	/Library/Java/JavaVirtualMachines/jdk1.8.0_25.jdk/Contents/Home/jre/lib/libnpt.dylib
0x0000000109928000 	/Library/Java/JavaVirtualMachines/jdk1.8.0_25.jdk/Contents/Home/jre/lib/libzip.dylib
0x000000019d648000 	/System/Library/Frameworks/JavaVM.framework/Frameworks/JavaRuntimeSupport.framework/JavaRuntimeSupport
0x000000019d660000 	/System/Library/Frameworks/JavaVM.framework/Versions/A/Frameworks/JavaNativeFoundation.framework/Versions/A/JavaNativeFoundation
0x000000019d675000 	/System/Library/Frameworks/JavaVM.framework/Versions/A/JavaVM
0x000000000428c000 	/System/Library/Frameworks/Carbon.framework/Versions/A/Carbon
0x000000019d682000 	/System/Library/PrivateFrameworks/JavaLaunching.framework/Versions/A/JavaLaunching
0x000000000428c000 	/System/Library/Frameworks/Carbon.framework/Versions/A/Frameworks/CommonPanels.framework/Versions/A/CommonPanels
0x000000000428c000 	/System/Library/Frameworks/Carbon.framework/Versions/A/Frameworks/Help.framework/Versions/A/Help
0x000000000428c000 	/System/Library/Frameworks/Carbon.framework/Versions/A/Frameworks/ImageCapture.framework/Versions/A/ImageCapture
0x000000000428c000 	/System/Library/Frameworks/Carbon.framework/Versions/A/Frameworks/OpenScripting.framework/Versions/A/OpenScripting
0x000000000428c000 	/System/Library/Frameworks/Carbon.framework/Versions/A/Frameworks/Print.framework/Versions/A/Print
0x000000000428c000 	/System/Library/Frameworks/Carbon.framework/Versions/A/Frameworks/SecurityHI.framework/Versions/A/SecurityHI
0x0000000118df9000 	/Library/Java/JavaVirtualMachines/jdk1.8.0_25.jdk/Contents/Home/jre/lib/libdt_socket.dylib
0x000000019f8f6000 	/Library/Java/JavaVirtualMachines/jdk1.8.0_25.jdk/Contents/Home/jre/lib/libnet.dylib
0x000000019f955000 	/Library/Java/JavaVirtualMachines/jdk1.8.0_25.jdk/Contents/Home/jre/lib/libnio.dylib

VM Arguments:
jvm_args: -agentlib:jdwp=transport=dt_socket,address=127.0.0.1:50746,suspend=y,server=n -Dfile.encoding=UTF-8 
java_command: Main -p2 graph.txt 2
java_class_path (initial): /Library/Java/JavaVirtualMachines/jdk1.8.0_25.jdk/Contents/Home/lib/ant-javafx.jar:/Library/Java/JavaVirtualMachines/jdk1.8.0_25.jdk/Contents/Home/lib/dt.jar:/Library/Java/JavaVirtualMachines/jdk1.8.0_25.jdk/Contents/Home/lib/javafx-mx.jar:/Library/Java/JavaVirtualMachines/jdk1.8.0_25.jdk/Contents/Home/lib/jconsole.jar:/Library/Java/JavaVirtualMachines/jdk1.8.0_25.jdk/Contents/Home/lib/sa-jdi.jar:/Library/Java/JavaVirtualMachines/jdk1.8.0_25.jdk/Contents/Home/lib/tools.jar:/Library/Java/JavaVirtualMachines/jdk1.8.0_25.jdk/Contents/Home/jre/lib/charsets.jar:/Library/Java/JavaVirtualMachines/jdk1.8.0_25.jdk/Contents/Home/jre/lib/deploy.jar:/Library/Java/JavaVirtualMachines/jdk1.8.0_25.jdk/Contents/Home/jre/lib/javaws.jar:/Library/Java/JavaVirtualMachines/jdk1.8.0_25.jdk/Contents/Home/jre/lib/jce.jar:/Library/Java/JavaVirtualMachines/jdk1.8.0_25.jdk/Contents/Home/jre/lib/jfr.jar:/Library/Java/JavaVirtualMachines/jdk1.8.0_25.jdk/Contents/Home/jre/lib/jfxswt.jar:/Library/Java/JavaVirtualMachines/jdk1.8.0_25.jdk/Contents/Home/jre/lib/jsse.jar:/Library/Java/JavaVirtualMachines/jdk1.8.0_25.jdk/Contents/Home/jre/lib/management-agent.jar:/Library/Java/JavaVirtualMachines/jdk1.8.0_25.jdk/Contents/Home/jre/lib/plugin.jar:/Library/Java/JavaVirtualMachines/jdk1.8.0_25.jdk/Contents/Home/jre/lib/resources.jar:/Library/Java/JavaVirtualMachines/jdk1.8.0_25.jdk/Contents/Home/jre/lib/rt.jar:/Library/Java/JavaVirtualMachines/jdk1.8.0_25.jdk/Contents/Home/jre/lib/ext/cldrdata.jar:/Library/Java/JavaVirtualMachines/jdk1.8.0_25.jdk/Contents/Home/jre/lib/ext/dnsns.jar:/Library/Java/JavaVirtualMachines/jdk1.8.0_25.jdk/Contents/Home/jre/lib/ext/jfxrt.jar:/Library/Java/JavaVirtualMachines/jdk1.8.0_25.jdk/Contents/Home/jre/lib/ext/localedata.jar:/Library/Java/JavaVirtualMachines/jdk1.8.0_25.jdk/Contents/Home/jre/lib/ext/nashorn.jar:/Library/Java/JavaVirtualMachines/jdk1.8.0_25.jdk/Contents/Home/jre/lib/ext/sunec.jar:/Library/Java/JavaVirtualMachines/jdk1.8.0_25.jdk/C
Launcher Type: SUN_STANDARD

Environment Variables:
PATH=/usr/local/bin:/usr/bin:/bin:/usr/sbin:/sbin:/usr/local/git/bin
SHELL=/bin/bash

Signal Handlers:
SIGSEGV: [libjvm.dylib+0x579dc7], sa_mask[0]=11111111011111110111111111111111, sa_flags=SA_ONSTACK|SA_RESTART|SA_SIGINFO
SIGBUS: [libjvm.dylib+0x579dc7], sa_mask[0]=11111111011111110111111111111111, sa_flags=SA_RESTART|SA_SIGINFO
SIGFPE: [libjvm.dylib+0x45b030], sa_mask[0]=11111111011111110111111111111111, sa_flags=SA_RESTART|SA_SIGINFO
SIGPIPE: [libjvm.dylib+0x45b030], sa_mask[0]=11111111011111110111111111111111, sa_flags=SA_RESTART|SA_SIGINFO
SIGXFSZ: [libjvm.dylib+0x45b030], sa_mask[0]=11111111011111110111111111111111, sa_flags=SA_RESTART|SA_SIGINFO
SIGILL: [libjvm.dylib+0x45b030], sa_mask[0]=11111111011111110111111111111111, sa_flags=SA_RESTART|SA_SIGINFO
SIGUSR1: SIG_DFL, sa_mask[0]=00000000000000000000000000000000, sa_flags=none
SIGUSR2: [libjvm.dylib+0x45ab4e], sa_mask[0]=00100000000000000000000000000000, sa_flags=SA_RESTART|SA_SIGINFO
SIGHUP: [libjvm.dylib+0x459121], sa_mask[0]=11111111011111110111111111111111, sa_flags=SA_RESTART|SA_SIGINFO
SIGINT: [libjvm.dylib+0x459121], sa_mask[0]=11111111011111110111111111111111, sa_flags=SA_RESTART|SA_SIGINFO
SIGTERM: [libjvm.dylib+0x459121], sa_mask[0]=11111111011111110111111111111111, sa_flags=SA_RESTART|SA_SIGINFO
SIGQUIT: [libjvm.dylib+0x459121], sa_mask[0]=11111111011111110111111111111111, sa_flags=SA_RESTART|SA_SIGINFO


---------------  S Y S T E M  ---------------

OS:Bsduname:Darwin 14.1.0 Darwin Kernel Version 14.1.0: Mon Dec 22 23:10:38 PST 2014; root:xnu-2782.10.72~2/RELEASE_X86_64 x86_64
rlimit: STACK 8192k, CORE 0k, NPROC 709, NOFILE 10240, AS infinity
load average:3.94 3.87 4.02

CPU:total 4 (2 cores per cpu, 2 threads per core) family 6 model 58 stepping 9, cmov, cx8, fxsr, mmx, sse, sse2, sse3, ssse3, sse4.1, sse4.2, popcnt, avx, aes, clmul, erms, ht, tsc, tscinvbit, tscinv

Memory: 4k page, physical 4194304k(274648k free)

/proc/meminfo:


vm_info: Java HotSpot(TM) 64-Bit Server VM (25.25-b02) for bsd-amd64 JRE (1.8.0_25-b17), built on Sep 17 2014 16:56:50 by "java_re" with gcc 4.2.1 (Based on Apple Inc. build 5658) (LLVM build 2336.11.00)

time: Tue Feb 17 11:27:02 2015
elapsed time: 5054 seconds (0d 1h 24m 14s)

